2025-03-30 10:09:07,462 - INFO - Using 12 input channels based on 'all_bands'.
2025-03-30 10:09:08,821 - INFO - Training CustomWRNB4ECA model with None weights and 'all_bands' bands on 10%_BigEarthNet.
2025-03-30 10:09:08,822 - INFO - Hyperparameters saved to K:\FYP\NEWexperiments\CustomWRNB4ECA_None_all_bands_10%_BigEarthNet_50epochs\hyperparameters.txt
2025-03-30 10:09:09,009 - INFO - Model architecture saved to K:\FYP\NEWexperiments\CustomWRNB4ECA_None_all_bands_10%_BigEarthNet_50epochs\CustomWRNB4ECA.txt
2025-03-30 10:09:09,010 - INFO - Training on device: cuda
2025-03-30 10:09:09,018 - INFO - No checkpoint provided, starting training from scratch.
2025-03-30 10:09:09,018 - INFO - Starting model training...
2025-03-30 10:10:16,030 - INFO - Starting validation epoch 0.
2025-03-30 10:10:19,099 - INFO - Validation epoch 0 finished.
2025-03-30 10:11:27,355 - INFO - Starting training epoch 0.
2025-03-30 10:12:31,671 - INFO - Starting validation epoch 0.
2025-03-30 10:12:40,717 - INFO - Validation epoch 0 finished.
2025-03-30 10:12:40,742 - INFO - Training epoch 0 finished.
2025-03-30 10:12:40,742 - INFO - Initial Learning Rate: 0.001
2025-03-30 10:12:40,857 - INFO - Starting training epoch 1.
2025-03-30 10:13:45,106 - INFO - Starting validation epoch 1.
2025-03-30 10:13:53,972 - INFO - Validation epoch 1 finished.
2025-03-30 10:13:53,996 - INFO - Training epoch 1 finished.
2025-03-30 10:13:54,109 - INFO - Starting training epoch 2.
2025-03-30 10:14:58,455 - INFO - Starting validation epoch 2.
2025-03-30 10:15:07,399 - INFO - Validation epoch 2 finished.
2025-03-30 10:15:07,425 - INFO - Training epoch 2 finished.
2025-03-30 10:15:07,550 - INFO - Starting training epoch 3.
2025-03-30 10:16:11,709 - INFO - Starting validation epoch 3.
2025-03-30 10:16:20,728 - INFO - Validation epoch 3 finished.
2025-03-30 10:16:20,753 - INFO - Training epoch 3 finished.
2025-03-30 10:16:20,870 - INFO - Starting training epoch 4.
2025-03-30 10:17:25,747 - INFO - Starting validation epoch 4.
2025-03-30 10:17:34,887 - INFO - Validation epoch 4 finished.
2025-03-30 10:17:34,912 - INFO - Training epoch 4 finished.
2025-03-30 10:17:35,039 - INFO - Starting training epoch 5.
2025-03-30 10:18:39,885 - INFO - Starting validation epoch 5.
2025-03-30 10:18:48,955 - INFO - Validation epoch 5 finished.
2025-03-30 10:18:48,981 - INFO - Training epoch 5 finished.
2025-03-30 10:18:49,096 - INFO - Starting training epoch 6.
2025-03-30 10:19:53,464 - INFO - Starting validation epoch 6.
2025-03-30 10:20:02,459 - INFO - Validation epoch 6 finished.
2025-03-30 10:20:02,488 - INFO - Training epoch 6 finished.
2025-03-30 10:20:02,606 - INFO - Starting training epoch 7.
2025-03-30 10:21:06,793 - INFO - Starting validation epoch 7.
2025-03-30 10:21:16,040 - INFO - Validation epoch 7 finished.
2025-03-30 10:21:16,066 - INFO - Training epoch 7 finished.
2025-03-30 10:21:16,177 - INFO - Starting training epoch 8.
2025-03-30 10:22:20,703 - INFO - Starting validation epoch 8.
2025-03-30 10:22:29,947 - INFO - Validation epoch 8 finished.
2025-03-30 10:22:29,971 - INFO - Training epoch 8 finished.
2025-03-30 10:22:30,083 - INFO - Starting training epoch 9.
2025-03-30 10:23:34,411 - INFO - Starting validation epoch 9.
2025-03-30 10:23:43,377 - INFO - Validation epoch 9 finished.
2025-03-30 10:23:43,402 - INFO - Training epoch 9 finished.
2025-03-30 10:23:43,522 - INFO - Starting training epoch 10.
2025-03-30 10:24:48,120 - INFO - Starting validation epoch 10.
2025-03-30 10:24:57,220 - INFO - Validation epoch 10 finished.
2025-03-30 10:24:57,245 - INFO - Training epoch 10 finished.
2025-03-30 10:24:57,363 - INFO - Starting training epoch 11.
2025-03-30 10:26:01,647 - INFO - Starting validation epoch 11.
2025-03-30 10:26:10,893 - INFO - Validation epoch 11 finished.
2025-03-30 10:26:10,923 - INFO - Training epoch 11 finished.
2025-03-30 10:26:11,037 - INFO - Starting training epoch 12.
2025-03-30 10:27:15,899 - INFO - Starting validation epoch 12.
2025-03-30 10:27:25,059 - INFO - Validation epoch 12 finished.
2025-03-30 10:27:25,083 - INFO - Training epoch 12 finished.
2025-03-30 10:27:25,196 - INFO - Starting training epoch 13.
2025-03-30 10:28:30,094 - INFO - Starting validation epoch 13.
2025-03-30 10:28:38,980 - INFO - Validation epoch 13 finished.
2025-03-30 10:28:39,004 - INFO - Training epoch 13 finished.
2025-03-30 10:28:39,116 - INFO - Starting training epoch 14.
2025-03-30 10:29:43,530 - INFO - Starting validation epoch 14.
2025-03-30 10:29:52,384 - INFO - Validation epoch 14 finished.
2025-03-30 10:29:52,410 - INFO - Training epoch 14 finished.
2025-03-30 10:29:52,524 - INFO - Starting training epoch 15.
2025-03-30 10:30:56,642 - INFO - Starting validation epoch 15.
2025-03-30 10:31:05,496 - INFO - Validation epoch 15 finished.
2025-03-30 10:31:05,527 - INFO - Training epoch 15 finished.
2025-03-30 10:31:05,527 - INFO - Epoch 15: Learning Rate changed to: 0.0005
2025-03-30 10:31:05,640 - INFO - Starting training epoch 16.
2025-03-30 10:32:10,417 - INFO - Starting validation epoch 16.
2025-03-30 10:32:19,669 - INFO - Validation epoch 16 finished.
2025-03-30 10:32:19,694 - INFO - Training epoch 16 finished.
2025-03-30 10:32:19,805 - INFO - Starting training epoch 17.
2025-03-30 10:33:24,320 - INFO - Starting validation epoch 17.
2025-03-30 10:33:33,482 - INFO - Validation epoch 17 finished.
2025-03-30 10:33:33,507 - INFO - Training epoch 17 finished.
2025-03-30 10:33:33,618 - INFO - Starting training epoch 18.
2025-03-30 10:34:37,988 - INFO - Starting validation epoch 18.
2025-03-30 10:34:46,940 - INFO - Validation epoch 18 finished.
2025-03-30 10:34:46,966 - INFO - Training epoch 18 finished.
2025-03-30 10:34:47,081 - INFO - Starting training epoch 19.
2025-03-30 10:35:51,551 - INFO - Starting validation epoch 19.
2025-03-30 10:36:00,506 - INFO - Validation epoch 19 finished.
2025-03-30 10:36:00,532 - INFO - Training epoch 19 finished.
2025-03-30 10:36:00,643 - INFO - Starting training epoch 20.
2025-03-30 10:37:05,124 - INFO - Starting validation epoch 20.
2025-03-30 10:37:14,226 - INFO - Validation epoch 20 finished.
2025-03-30 10:37:14,253 - INFO - Training epoch 20 finished.
2025-03-30 10:37:14,371 - INFO - Starting training epoch 21.
2025-03-30 10:38:18,733 - INFO - Starting validation epoch 21.
2025-03-30 10:38:27,894 - INFO - Validation epoch 21 finished.
2025-03-30 10:38:27,918 - INFO - Training epoch 21 finished.
2025-03-30 10:38:28,034 - INFO - Starting training epoch 22.
2025-03-30 10:39:33,119 - INFO - Starting validation epoch 22.
2025-03-30 10:39:42,359 - INFO - Validation epoch 22 finished.
2025-03-30 10:39:42,386 - INFO - Training epoch 22 finished.
2025-03-30 10:39:42,519 - INFO - Starting training epoch 23.
2025-03-30 10:40:47,678 - INFO - Starting validation epoch 23.
2025-03-30 10:40:57,046 - INFO - Validation epoch 23 finished.
2025-03-30 10:40:57,072 - INFO - Training epoch 23 finished.
2025-03-30 10:40:57,195 - INFO - Starting training epoch 24.
2025-03-30 10:42:02,372 - INFO - Starting validation epoch 24.
2025-03-30 10:42:11,374 - INFO - Validation epoch 24 finished.
2025-03-30 10:42:11,401 - INFO - Training epoch 24 finished.
2025-03-30 10:42:11,525 - INFO - Starting training epoch 25.
2025-03-30 10:43:16,182 - INFO - Starting validation epoch 25.
2025-03-30 10:43:25,223 - INFO - Validation epoch 25 finished.
2025-03-30 10:43:25,249 - INFO - Training epoch 25 finished.
2025-03-30 10:43:25,361 - INFO - Starting training epoch 26.
2025-03-30 10:44:29,591 - INFO - Starting validation epoch 26.
2025-03-30 10:44:38,638 - INFO - Validation epoch 26 finished.
2025-03-30 10:44:38,662 - INFO - Training epoch 26 finished.
2025-03-30 10:44:38,662 - INFO - Epoch 26: Learning Rate changed to: 0.00025
2025-03-30 10:44:38,775 - INFO - Starting training epoch 27.
2025-03-30 10:45:43,533 - INFO - Starting validation epoch 27.
2025-03-30 10:45:53,239 - INFO - Validation epoch 27 finished.
2025-03-30 10:45:53,278 - INFO - Training epoch 27 finished.
2025-03-30 10:45:53,441 - INFO - Starting training epoch 28.
2025-03-30 10:46:57,970 - INFO - Starting validation epoch 28.
2025-03-30 10:47:07,141 - INFO - Validation epoch 28 finished.
2025-03-30 10:47:07,167 - INFO - Training epoch 28 finished.
2025-03-30 10:47:07,283 - INFO - Starting training epoch 29.
2025-03-30 10:48:11,685 - INFO - Starting validation epoch 29.
2025-03-30 10:48:20,592 - INFO - Validation epoch 29 finished.
2025-03-30 10:48:20,617 - INFO - Training epoch 29 finished.
2025-03-30 10:48:20,729 - INFO - Starting training epoch 30.
2025-03-30 10:49:25,072 - INFO - Starting validation epoch 30.
2025-03-30 10:49:34,169 - INFO - Validation epoch 30 finished.
2025-03-30 10:49:34,193 - INFO - Training epoch 30 finished.
2025-03-30 10:50:47,478 - INFO - Model training completed.
2025-03-30 10:50:47,478 - INFO - Saving TensorBoard graphs as images...
2025-03-30 10:50:56,167 - INFO - TensorBoard graphs saved to K:\FYP\NEWexperiments\CustomWRNB4ECA_None_all_bands_10%_BigEarthNet_50epochs\results\tensorboard_graphs.
2025-03-30 10:50:56,175 - INFO - Best Validation Metrics:
2025-03-30 10:50:56,175 - INFO -   val_acc: 0.8977885842323303 (Epoch 27)
2025-03-30 10:50:56,176 - INFO -   val_loss: 0.023673681542277336 (Epoch 20)
2025-03-30 10:50:56,176 - INFO -   val_f1: 0.5078204274177551 (Epoch 29)
2025-03-30 10:50:56,176 - INFO -   val_f2: 0.556997537612915 (Epoch 29)
2025-03-30 10:50:56,176 - INFO -   val_precision: 0.4720015525817871 (Epoch 26)
2025-03-30 10:50:56,176 - INFO -   val_recall: 0.6187764406204224 (Epoch 24)
2025-03-30 10:50:56,176 - INFO -   val_one_error: 0.08662402629852295 (Epoch 24)
2025-03-30 10:50:56,176 - INFO -   val_hamming_loss: 0.005379552487283945 (Epoch 27)
2025-03-30 10:50:56,176 - INFO -   val_avg_precision: 0.8650932908058167 (Epoch 20)
2025-03-30 10:50:56,176 - INFO - Training Time: 2425.06 seconds
2025-03-30 10:50:56,176 - INFO - Model Size: 3.76 MB
2025-03-30 10:50:56,176 - INFO - Inference Rate: 3855.27 images/second
2025-03-30 10:50:56,176 - INFO - Training completed successfully
