2025-03-30 23:38:03,376 - INFO - Using 12 input channels based on 'all_bands'.
2025-03-30 23:38:04,706 - INFO - Training CustomModelV6 model with None weights and 'all_bands' bands on 10%_BigEarthNet.
2025-03-30 23:38:04,707 - INFO - Hyperparameters saved to K:\FYP\NEWexperiments\CustomModelV6_None_all_bands_10%_BigEarthNet_50epochs\hyperparameters.txt
2025-03-30 23:38:04,957 - INFO - Model architecture saved to K:\FYP\NEWexperiments\CustomModelV6_None_all_bands_10%_BigEarthNet_50epochs\CustomModelV6.txt
2025-03-30 23:38:04,957 - INFO - Training on device: cuda
2025-03-30 23:38:04,969 - INFO - No checkpoint provided, starting training from scratch.
2025-03-30 23:38:04,969 - INFO - Starting model training...
2025-03-30 23:39:09,005 - INFO - Starting validation epoch 0.
2025-03-30 23:39:12,009 - INFO - Validation epoch 0 finished.
2025-03-30 23:40:17,598 - INFO - Starting training epoch 0.
2025-03-30 23:41:11,138 - INFO - Starting validation epoch 0.
2025-03-30 23:41:19,762 - INFO - Validation epoch 0 finished.
2025-03-30 23:41:19,787 - INFO - Training epoch 0 finished.
2025-03-30 23:41:19,787 - INFO - Initial Learning Rate: 0.001
2025-03-30 23:41:19,961 - INFO - Starting training epoch 1.
2025-03-30 23:42:13,249 - INFO - Starting validation epoch 1.
2025-03-30 23:42:21,724 - INFO - Validation epoch 1 finished.
2025-03-30 23:42:21,747 - INFO - Training epoch 1 finished.
2025-03-30 23:42:21,935 - INFO - Starting training epoch 2.
2025-03-30 23:43:14,929 - INFO - Starting validation epoch 2.
2025-03-30 23:43:23,352 - INFO - Validation epoch 2 finished.
2025-03-30 23:43:23,376 - INFO - Training epoch 2 finished.
2025-03-30 23:43:23,550 - INFO - Starting training epoch 3.
2025-03-30 23:44:16,253 - INFO - Starting validation epoch 3.
2025-03-30 23:44:24,762 - INFO - Validation epoch 3 finished.
2025-03-30 23:44:24,786 - INFO - Training epoch 3 finished.
2025-03-30 23:44:24,970 - INFO - Starting training epoch 4.
2025-03-30 23:45:17,568 - INFO - Starting validation epoch 4.
2025-03-30 23:45:25,708 - INFO - Validation epoch 4 finished.
2025-03-30 23:45:25,732 - INFO - Training epoch 4 finished.
2025-03-30 23:45:25,916 - INFO - Starting training epoch 5.
2025-03-30 23:46:18,916 - INFO - Starting validation epoch 5.
2025-03-30 23:46:27,162 - INFO - Validation epoch 5 finished.
2025-03-30 23:46:27,186 - INFO - Training epoch 5 finished.
2025-03-30 23:46:27,366 - INFO - Starting training epoch 6.
2025-03-30 23:47:20,635 - INFO - Starting validation epoch 6.
2025-03-30 23:47:29,071 - INFO - Validation epoch 6 finished.
2025-03-30 23:47:29,095 - INFO - Training epoch 6 finished.
2025-03-30 23:47:29,284 - INFO - Starting training epoch 7.
2025-03-30 23:48:22,443 - INFO - Starting validation epoch 7.
2025-03-30 23:48:30,757 - INFO - Validation epoch 7 finished.
2025-03-30 23:48:30,780 - INFO - Training epoch 7 finished.
2025-03-30 23:48:30,968 - INFO - Starting training epoch 8.
2025-03-30 23:49:23,628 - INFO - Starting validation epoch 8.
2025-03-30 23:49:32,110 - INFO - Validation epoch 8 finished.
2025-03-30 23:49:32,141 - INFO - Training epoch 8 finished.
2025-03-30 23:49:32,326 - INFO - Starting training epoch 9.
2025-03-30 23:50:25,279 - INFO - Starting validation epoch 9.
2025-03-30 23:50:33,610 - INFO - Validation epoch 9 finished.
2025-03-30 23:50:33,633 - INFO - Training epoch 9 finished.
2025-03-30 23:50:33,814 - INFO - Starting training epoch 10.
2025-03-30 23:51:26,516 - INFO - Starting validation epoch 10.
2025-03-30 23:51:34,959 - INFO - Validation epoch 10 finished.
2025-03-30 23:51:34,984 - INFO - Training epoch 10 finished.
2025-03-30 23:51:35,167 - INFO - Starting training epoch 11.
2025-03-30 23:52:27,844 - INFO - Starting validation epoch 11.
2025-03-30 23:52:36,187 - INFO - Validation epoch 11 finished.
2025-03-30 23:52:36,211 - INFO - Training epoch 11 finished.
2025-03-30 23:52:36,396 - INFO - Starting training epoch 12.
2025-03-30 23:53:29,255 - INFO - Starting validation epoch 12.
2025-03-30 23:53:37,678 - INFO - Validation epoch 12 finished.
2025-03-30 23:53:37,702 - INFO - Training epoch 12 finished.
2025-03-30 23:53:37,884 - INFO - Starting training epoch 13.
2025-03-30 23:54:30,709 - INFO - Starting validation epoch 13.
2025-03-30 23:54:39,201 - INFO - Validation epoch 13 finished.
2025-03-30 23:54:39,225 - INFO - Training epoch 13 finished.
2025-03-30 23:54:39,408 - INFO - Starting training epoch 14.
2025-03-30 23:55:32,254 - INFO - Starting validation epoch 14.
2025-03-30 23:55:40,654 - INFO - Validation epoch 14 finished.
2025-03-30 23:55:40,679 - INFO - Training epoch 14 finished.
2025-03-30 23:55:40,859 - INFO - Starting training epoch 15.
2025-03-30 23:56:33,970 - INFO - Starting validation epoch 15.
2025-03-30 23:56:42,335 - INFO - Validation epoch 15 finished.
2025-03-30 23:56:42,359 - INFO - Training epoch 15 finished.
2025-03-30 23:56:42,537 - INFO - Starting training epoch 16.
2025-03-30 23:57:35,359 - INFO - Starting validation epoch 16.
2025-03-30 23:57:43,688 - INFO - Validation epoch 16 finished.
2025-03-30 23:57:43,711 - INFO - Training epoch 16 finished.
2025-03-30 23:57:43,883 - INFO - Starting training epoch 17.
2025-03-30 23:58:36,802 - INFO - Starting validation epoch 17.
2025-03-30 23:58:45,308 - INFO - Validation epoch 17 finished.
2025-03-30 23:58:45,332 - INFO - Training epoch 17 finished.
2025-03-30 23:58:45,613 - INFO - Starting training epoch 18.
2025-03-30 23:59:38,962 - INFO - Starting validation epoch 18.
2025-03-30 23:59:47,352 - INFO - Validation epoch 18 finished.
2025-03-30 23:59:47,376 - INFO - Training epoch 18 finished.
2025-03-30 23:59:47,559 - INFO - Starting training epoch 19.
2025-03-31 00:00:40,408 - INFO - Starting validation epoch 19.
2025-03-31 00:00:48,892 - INFO - Validation epoch 19 finished.
2025-03-31 00:00:48,916 - INFO - Training epoch 19 finished.
2025-03-31 00:00:49,096 - INFO - Starting training epoch 20.
2025-03-31 00:01:41,831 - INFO - Starting validation epoch 20.
2025-03-31 00:01:50,342 - INFO - Validation epoch 20 finished.
2025-03-31 00:01:50,366 - INFO - Training epoch 20 finished.
2025-03-31 00:01:50,546 - INFO - Starting training epoch 21.
2025-03-31 00:02:43,604 - INFO - Starting validation epoch 21.
2025-03-31 00:02:51,955 - INFO - Validation epoch 21 finished.
2025-03-31 00:02:51,979 - INFO - Training epoch 21 finished.
2025-03-31 00:02:52,162 - INFO - Starting training epoch 22.
2025-03-31 00:03:44,979 - INFO - Starting validation epoch 22.
2025-03-31 00:03:53,318 - INFO - Validation epoch 22 finished.
2025-03-31 00:03:53,342 - INFO - Training epoch 22 finished.
2025-03-31 00:03:53,530 - INFO - Starting training epoch 23.
2025-03-31 00:04:46,281 - INFO - Starting validation epoch 23.
2025-03-31 00:04:54,615 - INFO - Validation epoch 23 finished.
2025-03-31 00:04:54,638 - INFO - Training epoch 23 finished.
2025-03-31 00:04:54,819 - INFO - Starting training epoch 24.
2025-03-31 00:05:47,861 - INFO - Starting validation epoch 24.
2025-03-31 00:05:56,347 - INFO - Validation epoch 24 finished.
2025-03-31 00:05:56,372 - INFO - Training epoch 24 finished.
2025-03-31 00:05:56,553 - INFO - Starting training epoch 25.
2025-03-31 00:06:49,166 - INFO - Starting validation epoch 25.
2025-03-31 00:06:57,689 - INFO - Validation epoch 25 finished.
2025-03-31 00:06:57,714 - INFO - Training epoch 25 finished.
2025-03-31 00:06:57,890 - INFO - Starting training epoch 26.
2025-03-31 00:07:50,836 - INFO - Starting validation epoch 26.
2025-03-31 00:07:59,171 - INFO - Validation epoch 26 finished.
2025-03-31 00:07:59,196 - INFO - Training epoch 26 finished.
2025-03-31 00:07:59,375 - INFO - Starting training epoch 27.
2025-03-31 00:08:52,448 - INFO - Starting validation epoch 27.
2025-03-31 00:09:00,756 - INFO - Validation epoch 27 finished.
2025-03-31 00:09:00,779 - INFO - Training epoch 27 finished.
2025-03-31 00:09:00,950 - INFO - Starting training epoch 28.
2025-03-31 00:09:53,888 - INFO - Starting validation epoch 28.
2025-03-31 00:10:02,334 - INFO - Validation epoch 28 finished.
2025-03-31 00:10:02,359 - INFO - Training epoch 28 finished.
2025-03-31 00:10:02,539 - INFO - Starting training epoch 29.
2025-03-31 00:10:55,727 - INFO - Starting validation epoch 29.
2025-03-31 00:11:04,034 - INFO - Validation epoch 29 finished.
2025-03-31 00:11:04,059 - INFO - Training epoch 29 finished.
2025-03-31 00:11:04,235 - INFO - Starting training epoch 30.
2025-03-31 00:11:57,437 - INFO - Starting validation epoch 30.
2025-03-31 00:12:05,741 - INFO - Validation epoch 30 finished.
2025-03-31 00:12:05,764 - INFO - Training epoch 30 finished.
2025-03-31 00:12:05,947 - INFO - Starting training epoch 31.
2025-03-31 00:12:58,819 - INFO - Starting validation epoch 31.
2025-03-31 00:13:07,282 - INFO - Validation epoch 31 finished.
2025-03-31 00:13:07,309 - INFO - Training epoch 31 finished.
2025-03-31 00:13:07,494 - INFO - Starting training epoch 32.
2025-03-31 00:14:00,220 - INFO - Starting validation epoch 32.
2025-03-31 00:14:08,698 - INFO - Validation epoch 32 finished.
2025-03-31 00:14:08,722 - INFO - Training epoch 32 finished.
2025-03-31 00:14:08,722 - INFO - Epoch 32: Learning Rate changed to: 0.0005
2025-03-31 00:14:08,894 - INFO - Starting training epoch 33.
2025-03-31 00:15:02,010 - INFO - Starting validation epoch 33.
2025-03-31 00:15:10,372 - INFO - Validation epoch 33 finished.
2025-03-31 00:15:10,395 - INFO - Training epoch 33 finished.
2025-03-31 00:15:10,578 - INFO - Starting training epoch 34.
2025-03-31 00:16:03,632 - INFO - Starting validation epoch 34.
2025-03-31 00:16:11,976 - INFO - Validation epoch 34 finished.
2025-03-31 00:16:12,000 - INFO - Training epoch 34 finished.
2025-03-31 00:16:12,175 - INFO - Starting training epoch 35.
2025-03-31 00:17:04,970 - INFO - Starting validation epoch 35.
2025-03-31 00:17:13,486 - INFO - Validation epoch 35 finished.
2025-03-31 00:17:13,511 - INFO - Training epoch 35 finished.
2025-03-31 00:17:13,695 - INFO - Starting training epoch 36.
2025-03-31 00:18:06,588 - INFO - Starting validation epoch 36.
2025-03-31 00:18:14,890 - INFO - Validation epoch 36 finished.
2025-03-31 00:18:14,914 - INFO - Training epoch 36 finished.
2025-03-31 00:18:15,094 - INFO - Starting training epoch 37.
2025-03-31 00:19:08,146 - INFO - Starting validation epoch 37.
2025-03-31 00:19:16,522 - INFO - Validation epoch 37 finished.
2025-03-31 00:19:16,546 - INFO - Training epoch 37 finished.
2025-03-31 00:19:16,728 - INFO - Starting training epoch 38.
2025-03-31 00:20:09,921 - INFO - Starting validation epoch 38.
2025-03-31 00:20:18,155 - INFO - Validation epoch 38 finished.
2025-03-31 00:20:18,180 - INFO - Training epoch 38 finished.
2025-03-31 00:20:18,367 - INFO - Starting training epoch 39.
2025-03-31 00:21:11,248 - INFO - Starting validation epoch 39.
2025-03-31 00:21:19,603 - INFO - Validation epoch 39 finished.
2025-03-31 00:21:19,627 - INFO - Training epoch 39 finished.
2025-03-31 00:21:19,627 - INFO - Epoch 39: Learning Rate changed to: 0.00025
2025-03-31 00:21:19,808 - INFO - Starting training epoch 40.
2025-03-31 00:22:12,631 - INFO - Starting validation epoch 40.
2025-03-31 00:22:20,956 - INFO - Validation epoch 40 finished.
2025-03-31 00:22:20,981 - INFO - Training epoch 40 finished.
2025-03-31 00:22:21,168 - INFO - Starting training epoch 41.
2025-03-31 00:23:14,175 - INFO - Starting validation epoch 41.
2025-03-31 00:23:22,540 - INFO - Validation epoch 41 finished.
2025-03-31 00:23:22,565 - INFO - Training epoch 41 finished.
2025-03-31 00:23:22,744 - INFO - Starting training epoch 42.
2025-03-31 00:24:15,902 - INFO - Starting validation epoch 42.
2025-03-31 00:24:24,042 - INFO - Validation epoch 42 finished.
2025-03-31 00:24:24,066 - INFO - Training epoch 42 finished.
2025-03-31 00:24:24,247 - INFO - Starting training epoch 43.
2025-03-31 00:25:17,240 - INFO - Starting validation epoch 43.
2025-03-31 00:25:25,523 - INFO - Validation epoch 43 finished.
2025-03-31 00:25:25,549 - INFO - Training epoch 43 finished.
2025-03-31 00:26:36,533 - INFO - Model training completed.
2025-03-31 00:26:36,533 - INFO - Saving TensorBoard graphs as images...
2025-03-31 00:26:48,275 - INFO - TensorBoard graphs saved to K:\FYP\NEWexperiments\CustomModelV6_None_all_bands_10%_BigEarthNet_50epochs\results\tensorboard_graphs.
2025-03-31 00:26:48,283 - INFO - Best Validation Metrics:
2025-03-31 00:26:48,283 - INFO -   val_acc: 0.9171593189239502 (Epoch 43)
2025-03-31 00:26:48,284 - INFO -   val_loss: 0.020264796912670135 (Epoch 33)
2025-03-31 00:26:48,284 - INFO -   val_f1: 0.5508006811141968 (Epoch 40)
2025-03-31 00:26:48,284 - INFO -   val_f2: 0.5868403911590576 (Epoch 36)
2025-03-31 00:26:48,284 - INFO -   val_precision: 0.5175804495811462 (Epoch 28)
2025-03-31 00:26:48,284 - INFO -   val_recall: 0.623747706413269 (Epoch 36)
2025-03-31 00:26:48,284 - INFO -   val_one_error: 0.04073971137404442 (Epoch 40)
2025-03-31 00:26:48,284 - INFO -   val_hamming_loss: 0.00436003040522337 (Epoch 43)
2025-03-31 00:26:48,284 - INFO -   val_avg_precision: 0.9015738368034363 (Epoch 41)
2025-03-31 00:26:48,284 - INFO - Training Time: 2840.43 seconds
2025-03-31 00:26:48,284 - INFO - Model Size: 7.81 MB
2025-03-31 00:26:48,284 - INFO - Inference Rate: 5418.42 images/second
2025-03-31 00:26:48,284 - INFO - Training completed successfully
