2025-03-30 18:17:06,017 - INFO - Using 12 input channels based on 'all_bands'.
2025-03-30 18:17:09,724 - INFO - Training Vit-Transformer model with None weights and 'all_bands' bands on 10%_BigEarthNet.
2025-03-30 18:17:09,724 - INFO - Hyperparameters saved to K:\FYP\NEWexperiments\Vit-Transformer_None_all_bands_10%_BigEarthNet_50epochs\hyperparameters.txt
2025-03-30 18:17:09,753 - INFO - Model architecture saved to K:\FYP\NEWexperiments\Vit-Transformer_None_all_bands_10%_BigEarthNet_50epochs\Vit-Transformer.txt
2025-03-30 18:17:09,755 - INFO - Training on device: cuda
2025-03-30 18:17:09,763 - INFO - No checkpoint provided, starting training from scratch.
2025-03-30 18:17:09,763 - INFO - Starting model training...
2025-03-30 18:18:16,635 - INFO - Starting validation epoch 0.
2025-03-30 18:18:19,872 - INFO - Validation epoch 0 finished.
2025-03-30 18:19:28,039 - INFO - Starting training epoch 0.
2025-03-30 18:20:19,151 - INFO - Starting validation epoch 0.
2025-03-30 18:20:27,676 - INFO - Validation epoch 0 finished.
2025-03-30 18:20:27,702 - INFO - Training epoch 0 finished.
2025-03-30 18:20:27,702 - INFO - Initial Learning Rate: 0.001
2025-03-30 18:20:33,111 - INFO - Starting training epoch 1.
2025-03-30 18:21:22,934 - INFO - Starting validation epoch 1.
2025-03-30 18:21:31,297 - INFO - Validation epoch 1 finished.
2025-03-30 18:21:31,321 - INFO - Training epoch 1 finished.
2025-03-30 18:21:36,655 - INFO - Starting training epoch 2.
2025-03-30 18:22:27,007 - INFO - Starting validation epoch 2.
2025-03-30 18:22:35,534 - INFO - Validation epoch 2 finished.
2025-03-30 18:22:35,558 - INFO - Training epoch 2 finished.
2025-03-30 18:22:40,941 - INFO - Starting training epoch 3.
2025-03-30 18:23:31,388 - INFO - Starting validation epoch 3.
2025-03-30 18:23:40,007 - INFO - Validation epoch 3 finished.
2025-03-30 18:23:40,031 - INFO - Training epoch 3 finished.
2025-03-30 18:23:45,338 - INFO - Starting training epoch 4.
2025-03-30 18:24:35,485 - INFO - Starting validation epoch 4.
2025-03-30 18:24:44,049 - INFO - Validation epoch 4 finished.
2025-03-30 18:24:44,073 - INFO - Training epoch 4 finished.
2025-03-30 18:24:49,386 - INFO - Starting training epoch 5.
2025-03-30 18:25:39,958 - INFO - Starting validation epoch 5.
2025-03-30 18:25:48,590 - INFO - Validation epoch 5 finished.
2025-03-30 18:25:48,614 - INFO - Training epoch 5 finished.
2025-03-30 18:25:53,929 - INFO - Starting training epoch 6.
2025-03-30 18:26:44,574 - INFO - Starting validation epoch 6.
2025-03-30 18:26:53,312 - INFO - Validation epoch 6 finished.
2025-03-30 18:26:53,337 - INFO - Training epoch 6 finished.
2025-03-30 18:26:58,668 - INFO - Starting training epoch 7.
2025-03-30 18:27:49,048 - INFO - Starting validation epoch 7.
2025-03-30 18:27:57,929 - INFO - Validation epoch 7 finished.
2025-03-30 18:27:57,955 - INFO - Training epoch 7 finished.
2025-03-30 18:28:03,394 - INFO - Starting training epoch 8.
2025-03-30 18:28:53,665 - INFO - Starting validation epoch 8.
2025-03-30 18:29:02,234 - INFO - Validation epoch 8 finished.
2025-03-30 18:29:02,257 - INFO - Training epoch 8 finished.
2025-03-30 18:29:07,614 - INFO - Starting training epoch 9.
2025-03-30 18:29:58,022 - INFO - Starting validation epoch 9.
2025-03-30 18:30:06,722 - INFO - Validation epoch 9 finished.
2025-03-30 18:30:06,747 - INFO - Training epoch 9 finished.
2025-03-30 18:30:12,074 - INFO - Starting training epoch 10.
2025-03-30 18:31:02,136 - INFO - Starting validation epoch 10.
2025-03-30 18:31:10,694 - INFO - Validation epoch 10 finished.
2025-03-30 18:31:10,718 - INFO - Training epoch 10 finished.
2025-03-30 18:31:16,115 - INFO - Starting training epoch 11.
2025-03-30 18:32:07,010 - INFO - Starting validation epoch 11.
2025-03-30 18:32:15,627 - INFO - Validation epoch 11 finished.
2025-03-30 18:32:15,652 - INFO - Training epoch 11 finished.
2025-03-30 18:32:21,008 - INFO - Starting training epoch 12.
2025-03-30 18:33:12,195 - INFO - Starting validation epoch 12.
2025-03-30 18:33:20,799 - INFO - Validation epoch 12 finished.
2025-03-30 18:33:20,825 - INFO - Training epoch 12 finished.
2025-03-30 18:33:26,129 - INFO - Starting training epoch 13.
2025-03-30 18:34:16,581 - INFO - Starting validation epoch 13.
2025-03-30 18:34:25,272 - INFO - Validation epoch 13 finished.
2025-03-30 18:34:25,296 - INFO - Training epoch 13 finished.
2025-03-30 18:34:30,665 - INFO - Starting training epoch 14.
2025-03-30 18:35:20,660 - INFO - Starting validation epoch 14.
2025-03-30 18:35:29,407 - INFO - Validation epoch 14 finished.
2025-03-30 18:35:29,435 - INFO - Training epoch 14 finished.
2025-03-30 18:35:34,760 - INFO - Starting training epoch 15.
2025-03-30 18:36:24,744 - INFO - Starting validation epoch 15.
2025-03-30 18:36:33,271 - INFO - Validation epoch 15 finished.
2025-03-30 18:36:33,294 - INFO - Training epoch 15 finished.
2025-03-30 18:36:38,673 - INFO - Starting training epoch 16.
2025-03-30 18:37:28,467 - INFO - Starting validation epoch 16.
2025-03-30 18:37:37,052 - INFO - Validation epoch 16 finished.
2025-03-30 18:37:37,077 - INFO - Training epoch 16 finished.
2025-03-30 18:37:42,377 - INFO - Starting training epoch 17.
2025-03-30 18:38:32,426 - INFO - Starting validation epoch 17.
2025-03-30 18:38:40,900 - INFO - Validation epoch 17 finished.
2025-03-30 18:38:40,926 - INFO - Training epoch 17 finished.
2025-03-30 18:38:46,229 - INFO - Starting training epoch 18.
2025-03-30 18:39:36,726 - INFO - Starting validation epoch 18.
2025-03-30 18:39:45,278 - INFO - Validation epoch 18 finished.
2025-03-30 18:39:45,304 - INFO - Training epoch 18 finished.
2025-03-30 18:39:50,665 - INFO - Starting training epoch 19.
2025-03-30 18:40:41,332 - INFO - Starting validation epoch 19.
2025-03-30 18:40:50,385 - INFO - Validation epoch 19 finished.
2025-03-30 18:40:50,411 - INFO - Training epoch 19 finished.
2025-03-30 18:40:50,411 - INFO - Epoch 19: Learning Rate changed to: 0.0005
2025-03-30 18:40:55,814 - INFO - Starting training epoch 20.
2025-03-30 18:41:46,832 - INFO - Starting validation epoch 20.
2025-03-30 18:41:55,319 - INFO - Validation epoch 20 finished.
2025-03-30 18:41:55,342 - INFO - Training epoch 20 finished.
2025-03-30 18:42:00,628 - INFO - Starting training epoch 21.
2025-03-30 18:42:50,103 - INFO - Starting validation epoch 21.
2025-03-30 18:42:58,413 - INFO - Validation epoch 21 finished.
2025-03-30 18:42:58,438 - INFO - Training epoch 21 finished.
2025-03-30 18:43:03,754 - INFO - Starting training epoch 22.
2025-03-30 18:43:52,920 - INFO - Starting validation epoch 22.
2025-03-30 18:44:01,295 - INFO - Validation epoch 22 finished.
2025-03-30 18:44:01,320 - INFO - Training epoch 22 finished.
2025-03-30 18:44:06,587 - INFO - Starting training epoch 23.
2025-03-30 18:44:55,883 - INFO - Starting validation epoch 23.
2025-03-30 18:45:04,337 - INFO - Validation epoch 23 finished.
2025-03-30 18:45:04,362 - INFO - Training epoch 23 finished.
2025-03-30 18:45:09,630 - INFO - Starting training epoch 24.
2025-03-30 18:45:59,150 - INFO - Starting validation epoch 24.
2025-03-30 18:46:07,664 - INFO - Validation epoch 24 finished.
2025-03-30 18:46:07,689 - INFO - Training epoch 24 finished.
2025-03-30 18:46:13,031 - INFO - Starting training epoch 25.
2025-03-30 18:47:02,263 - INFO - Starting validation epoch 25.
2025-03-30 18:47:10,691 - INFO - Validation epoch 25 finished.
2025-03-30 18:47:10,715 - INFO - Training epoch 25 finished.
2025-03-30 18:47:16,024 - INFO - Starting training epoch 26.
2025-03-30 18:48:05,572 - INFO - Starting validation epoch 26.
2025-03-30 18:48:14,062 - INFO - Validation epoch 26 finished.
2025-03-30 18:48:14,087 - INFO - Training epoch 26 finished.
2025-03-30 18:48:19,398 - INFO - Starting training epoch 27.
2025-03-30 18:49:08,981 - INFO - Starting validation epoch 27.
2025-03-30 18:49:17,480 - INFO - Validation epoch 27 finished.
2025-03-30 18:49:17,508 - INFO - Training epoch 27 finished.
2025-03-30 18:49:22,763 - INFO - Starting training epoch 28.
2025-03-30 18:50:12,300 - INFO - Starting validation epoch 28.
2025-03-30 18:50:20,862 - INFO - Validation epoch 28 finished.
2025-03-30 18:50:20,886 - INFO - Training epoch 28 finished.
2025-03-30 18:50:26,166 - INFO - Starting training epoch 29.
2025-03-30 18:51:15,977 - INFO - Starting validation epoch 29.
2025-03-30 18:51:24,327 - INFO - Validation epoch 29 finished.
2025-03-30 18:51:24,351 - INFO - Training epoch 29 finished.
2025-03-30 18:51:29,599 - INFO - Starting training epoch 30.
2025-03-30 18:52:19,129 - INFO - Starting validation epoch 30.
2025-03-30 18:52:27,633 - INFO - Validation epoch 30 finished.
2025-03-30 18:52:27,659 - INFO - Training epoch 30 finished.
2025-03-30 18:52:32,989 - INFO - Starting training epoch 31.
2025-03-30 18:53:22,233 - INFO - Starting validation epoch 31.
2025-03-30 18:53:30,664 - INFO - Validation epoch 31 finished.
2025-03-30 18:53:30,689 - INFO - Training epoch 31 finished.
2025-03-30 18:53:30,689 - INFO - Epoch 31: Learning Rate changed to: 0.00025
2025-03-30 18:53:35,999 - INFO - Starting training epoch 32.
2025-03-30 18:54:25,340 - INFO - Starting validation epoch 32.
2025-03-30 18:54:33,595 - INFO - Validation epoch 32 finished.
2025-03-30 18:54:33,619 - INFO - Training epoch 32 finished.
2025-03-30 18:54:38,885 - INFO - Starting training epoch 33.
2025-03-30 18:55:28,200 - INFO - Starting validation epoch 33.
2025-03-30 18:55:36,640 - INFO - Validation epoch 33 finished.
2025-03-30 18:55:36,668 - INFO - Training epoch 33 finished.
2025-03-30 18:55:41,980 - INFO - Starting training epoch 34.
2025-03-30 18:56:31,414 - INFO - Starting validation epoch 34.
2025-03-30 18:56:39,665 - INFO - Validation epoch 34 finished.
2025-03-30 18:56:39,690 - INFO - Training epoch 34 finished.
2025-03-30 18:56:45,026 - INFO - Starting training epoch 35.
2025-03-30 18:57:34,679 - INFO - Starting validation epoch 35.
2025-03-30 18:57:43,183 - INFO - Validation epoch 35 finished.
2025-03-30 18:57:43,209 - INFO - Training epoch 35 finished.
2025-03-30 18:57:48,523 - INFO - Starting training epoch 36.
2025-03-30 18:58:37,918 - INFO - Starting validation epoch 36.
2025-03-30 18:58:46,305 - INFO - Validation epoch 36 finished.
2025-03-30 18:58:46,331 - INFO - Training epoch 36 finished.
2025-03-30 18:58:51,602 - INFO - Starting training epoch 37.
2025-03-30 18:59:41,059 - INFO - Starting validation epoch 37.
2025-03-30 18:59:49,541 - INFO - Validation epoch 37 finished.
2025-03-30 18:59:49,567 - INFO - Training epoch 37 finished.
2025-03-30 18:59:54,873 - INFO - Starting training epoch 38.
2025-03-30 19:00:44,500 - INFO - Starting validation epoch 38.
2025-03-30 19:00:53,084 - INFO - Validation epoch 38 finished.
2025-03-30 19:00:53,109 - INFO - Training epoch 38 finished.
2025-03-30 19:00:58,387 - INFO - Starting training epoch 39.
2025-03-30 19:01:47,900 - INFO - Starting validation epoch 39.
2025-03-30 19:01:56,245 - INFO - Validation epoch 39 finished.
2025-03-30 19:01:56,269 - INFO - Training epoch 39 finished.
2025-03-30 19:02:01,613 - INFO - Starting training epoch 40.
2025-03-30 19:02:51,066 - INFO - Starting validation epoch 40.
2025-03-30 19:02:59,211 - INFO - Validation epoch 40 finished.
2025-03-30 19:02:59,235 - INFO - Training epoch 40 finished.
2025-03-30 19:03:04,550 - INFO - Starting training epoch 41.
2025-03-30 19:03:53,879 - INFO - Starting validation epoch 41.
2025-03-30 19:04:02,305 - INFO - Validation epoch 41 finished.
2025-03-30 19:04:02,332 - INFO - Training epoch 41 finished.
2025-03-30 19:04:07,650 - INFO - Starting training epoch 42.
2025-03-30 19:04:57,323 - INFO - Starting validation epoch 42.
2025-03-30 19:05:05,713 - INFO - Validation epoch 42 finished.
2025-03-30 19:05:05,737 - INFO - Training epoch 42 finished.
2025-03-30 19:05:11,061 - INFO - Starting training epoch 43.
2025-03-30 19:06:00,371 - INFO - Starting validation epoch 43.
2025-03-30 19:06:08,682 - INFO - Validation epoch 43 finished.
2025-03-30 19:06:08,706 - INFO - Training epoch 43 finished.
2025-03-30 19:06:14,006 - INFO - Starting training epoch 44.
2025-03-30 19:07:03,365 - INFO - Starting validation epoch 44.
2025-03-30 19:07:11,755 - INFO - Validation epoch 44 finished.
2025-03-30 19:07:11,779 - INFO - Training epoch 44 finished.
2025-03-30 19:07:17,079 - INFO - Starting training epoch 45.
2025-03-30 19:08:06,774 - INFO - Starting validation epoch 45.
2025-03-30 19:08:15,058 - INFO - Validation epoch 45 finished.
2025-03-30 19:08:15,083 - INFO - Training epoch 45 finished.
2025-03-30 19:08:20,310 - INFO - Starting training epoch 46.
2025-03-30 19:09:09,585 - INFO - Starting validation epoch 46.
2025-03-30 19:09:18,094 - INFO - Validation epoch 46 finished.
2025-03-30 19:09:18,120 - INFO - Training epoch 46 finished.
2025-03-30 19:09:23,411 - INFO - Starting training epoch 47.
2025-03-30 19:10:12,662 - INFO - Starting validation epoch 47.
2025-03-30 19:10:21,146 - INFO - Validation epoch 47 finished.
2025-03-30 19:10:21,173 - INFO - Training epoch 47 finished.
2025-03-30 19:10:26,426 - INFO - Starting training epoch 48.
2025-03-30 19:11:16,122 - INFO - Starting validation epoch 48.
2025-03-30 19:11:24,584 - INFO - Validation epoch 48 finished.
2025-03-30 19:11:24,610 - INFO - Training epoch 48 finished.
2025-03-30 19:11:29,843 - INFO - Starting training epoch 49.
2025-03-30 19:12:19,341 - INFO - Starting validation epoch 49.
2025-03-30 19:12:27,668 - INFO - Validation epoch 49 finished.
2025-03-30 19:12:27,695 - INFO - Training epoch 49 finished.
2025-03-30 19:13:46,504 - INFO - Model training completed.
2025-03-30 19:13:46,504 - INFO - Saving TensorBoard graphs as images...
2025-03-30 19:13:59,487 - INFO - TensorBoard graphs saved to K:\FYP\NEWexperiments\Vit-Transformer_None_all_bands_10%_BigEarthNet_50epochs\results\tensorboard_graphs.
2025-03-30 19:13:59,494 - INFO - Best Validation Metrics:
2025-03-30 19:13:59,495 - INFO -   val_acc: 0.8741437196731567 (Epoch 48)
2025-03-30 19:13:59,495 - INFO -   val_loss: 0.029153605923056602 (Epoch 49)
2025-03-30 19:13:59,495 - INFO -   val_f1: 0.4266829490661621 (Epoch 49)
2025-03-30 19:13:59,495 - INFO -   val_f2: 0.47543865442276 (Epoch 49)
2025-03-30 19:13:59,495 - INFO -   val_precision: 0.39726585149765015 (Epoch 48)
2025-03-30 19:13:59,495 - INFO -   val_recall: 0.5420060157775879 (Epoch 8)
2025-03-30 19:13:59,495 - INFO -   val_one_error: 0.1770022213459015 (Epoch 48)
2025-03-30 19:13:59,495 - INFO -   val_hamming_loss: 0.006624011322855949 (Epoch 48)
2025-03-30 19:13:59,495 - INFO -   val_avg_precision: 0.7917752265930176 (Epoch 49)
2025-03-30 19:13:59,495 - INFO - Training Time: 3322.91 seconds
2025-03-30 19:13:59,495 - INFO - Model Size: 333.67 MB
2025-03-30 19:13:59,495 - INFO - Inference Rate: 6060.83 images/second
2025-03-30 19:13:59,496 - INFO - Training completed successfully
