2025-04-05 18:00:53,217 - INFO - Using 12 input channels based on 'all_bands'.
2025-04-05 18:00:56,093 - INFO - Training VGG16 model with None weights and 'all_bands' bands on 10%_BigEarthNet.
2025-04-05 18:00:56,099 - INFO - Hyperparameters saved to K:\FYP\NEWexperiments\VGG16_None_all_bands_10%_BigEarthNet_50epochs_2\hyperparameters.txt
2025-04-05 18:00:56,115 - INFO - Model architecture saved to K:\FYP\NEWexperiments\VGG16_None_all_bands_10%_BigEarthNet_50epochs_2\VGG16.txt
2025-04-05 18:00:56,116 - INFO - Training on device: cuda
2025-04-05 18:00:56,131 - INFO - No checkpoint provided, starting training from scratch.
2025-04-05 18:00:56,131 - INFO - Starting model training...
2025-04-05 18:02:00,644 - INFO - Starting validation epoch 0.
2025-04-05 18:02:05,334 - INFO - Validation epoch 0 finished.
2025-04-05 18:03:11,040 - INFO - Starting training epoch 0.
2025-04-05 18:04:14,395 - INFO - Starting validation epoch 0.
2025-04-05 18:04:24,359 - INFO - Validation epoch 0 finished.
2025-04-05 18:04:24,382 - INFO - Training epoch 0 finished.
2025-04-05 18:04:24,382 - INFO - Initial Learning Rate: 0.001
2025-04-05 18:04:29,955 - INFO - Starting training epoch 1.
2025-04-05 18:05:24,837 - INFO - Starting validation epoch 1.
2025-04-05 18:05:33,647 - INFO - Validation epoch 1 finished.
2025-04-05 18:05:33,668 - INFO - Training epoch 1 finished.
2025-04-05 18:05:39,407 - INFO - Starting training epoch 2.
2025-04-05 18:06:34,136 - INFO - Starting validation epoch 2.
2025-04-05 18:06:43,062 - INFO - Validation epoch 2 finished.
2025-04-05 18:06:43,084 - INFO - Training epoch 2 finished.
2025-04-05 18:06:48,868 - INFO - Starting training epoch 3.
2025-04-05 18:07:43,520 - INFO - Starting validation epoch 3.
2025-04-05 18:07:52,244 - INFO - Validation epoch 3 finished.
2025-04-05 18:07:52,266 - INFO - Training epoch 3 finished.
2025-04-05 18:07:58,057 - INFO - Starting training epoch 4.
2025-04-05 18:08:52,849 - INFO - Starting validation epoch 4.
2025-04-05 18:09:01,403 - INFO - Validation epoch 4 finished.
2025-04-05 18:09:01,425 - INFO - Training epoch 4 finished.
2025-04-05 18:09:07,192 - INFO - Starting training epoch 5.
2025-04-05 18:10:02,746 - INFO - Starting validation epoch 5.
2025-04-05 18:10:11,546 - INFO - Validation epoch 5 finished.
2025-04-05 18:10:11,569 - INFO - Training epoch 5 finished.
2025-04-05 18:10:17,414 - INFO - Starting training epoch 6.
2025-04-05 18:11:12,424 - INFO - Starting validation epoch 6.
2025-04-05 18:11:21,506 - INFO - Validation epoch 6 finished.
2025-04-05 18:11:21,531 - INFO - Training epoch 6 finished.
2025-04-05 18:11:28,401 - INFO - Starting training epoch 7.
2025-04-05 18:12:23,622 - INFO - Starting validation epoch 7.
2025-04-05 18:12:32,289 - INFO - Validation epoch 7 finished.
2025-04-05 18:12:32,311 - INFO - Training epoch 7 finished.
2025-04-05 18:12:38,113 - INFO - Starting training epoch 8.
2025-04-05 18:13:32,425 - INFO - Starting validation epoch 8.
2025-04-05 18:13:41,115 - INFO - Validation epoch 8 finished.
2025-04-05 18:13:41,141 - INFO - Training epoch 8 finished.
2025-04-05 18:13:46,968 - INFO - Starting training epoch 9.
2025-04-05 18:14:41,622 - INFO - Starting validation epoch 9.
2025-04-05 18:14:50,470 - INFO - Validation epoch 9 finished.
2025-04-05 18:14:50,492 - INFO - Training epoch 9 finished.
2025-04-05 18:14:56,310 - INFO - Starting training epoch 10.
2025-04-05 18:15:50,663 - INFO - Starting validation epoch 10.
2025-04-05 18:15:59,265 - INFO - Validation epoch 10 finished.
2025-04-05 18:15:59,287 - INFO - Training epoch 10 finished.
2025-04-05 18:16:05,126 - INFO - Starting training epoch 11.
2025-04-05 18:16:59,697 - INFO - Starting validation epoch 11.
2025-04-05 18:17:08,593 - INFO - Validation epoch 11 finished.
2025-04-05 18:17:08,614 - INFO - Training epoch 11 finished.
2025-04-05 18:17:14,466 - INFO - Starting training epoch 12.
2025-04-05 18:18:08,948 - INFO - Starting validation epoch 12.
2025-04-05 18:18:17,711 - INFO - Validation epoch 12 finished.
2025-04-05 18:18:17,735 - INFO - Training epoch 12 finished.
2025-04-05 18:18:23,580 - INFO - Starting training epoch 13.
2025-04-05 18:19:18,272 - INFO - Starting validation epoch 13.
2025-04-05 18:19:27,198 - INFO - Validation epoch 13 finished.
2025-04-05 18:19:27,220 - INFO - Training epoch 13 finished.
2025-04-05 18:19:33,076 - INFO - Starting training epoch 14.
2025-04-05 18:20:28,082 - INFO - Starting validation epoch 14.
2025-04-05 18:20:36,769 - INFO - Validation epoch 14 finished.
2025-04-05 18:20:36,790 - INFO - Training epoch 14 finished.
2025-04-05 18:20:42,680 - INFO - Starting training epoch 15.
2025-04-05 18:21:37,290 - INFO - Starting validation epoch 15.
2025-04-05 18:21:46,050 - INFO - Validation epoch 15 finished.
2025-04-05 18:21:46,071 - INFO - Training epoch 15 finished.
2025-04-05 18:21:51,938 - INFO - Starting training epoch 16.
2025-04-05 18:22:46,635 - INFO - Starting validation epoch 16.
2025-04-05 18:22:55,457 - INFO - Validation epoch 16 finished.
2025-04-05 18:22:55,479 - INFO - Training epoch 16 finished.
2025-04-05 18:23:01,782 - INFO - Starting training epoch 17.
2025-04-05 18:23:56,977 - INFO - Starting validation epoch 17.
2025-04-05 18:24:05,874 - INFO - Validation epoch 17 finished.
2025-04-05 18:24:05,895 - INFO - Training epoch 17 finished.
2025-04-05 18:24:11,794 - INFO - Starting training epoch 18.
2025-04-05 18:25:06,614 - INFO - Starting validation epoch 18.
2025-04-05 18:25:15,398 - INFO - Validation epoch 18 finished.
2025-04-05 18:25:15,420 - INFO - Training epoch 18 finished.
2025-04-05 18:25:21,281 - INFO - Starting training epoch 19.
2025-04-05 18:26:16,081 - INFO - Starting validation epoch 19.
2025-04-05 18:26:24,871 - INFO - Validation epoch 19 finished.
2025-04-05 18:26:24,893 - INFO - Training epoch 19 finished.
2025-04-05 18:26:30,793 - INFO - Starting training epoch 20.
2025-04-05 18:27:25,810 - INFO - Starting validation epoch 20.
2025-04-05 18:27:34,372 - INFO - Validation epoch 20 finished.
2025-04-05 18:27:34,392 - INFO - Training epoch 20 finished.
2025-04-05 18:27:40,251 - INFO - Starting training epoch 21.
2025-04-05 18:28:34,925 - INFO - Starting validation epoch 21.
2025-04-05 18:28:43,642 - INFO - Validation epoch 21 finished.
2025-04-05 18:28:43,663 - INFO - Training epoch 21 finished.
2025-04-05 18:28:49,558 - INFO - Starting training epoch 22.
2025-04-05 18:29:44,376 - INFO - Starting validation epoch 22.
2025-04-05 18:29:53,191 - INFO - Validation epoch 22 finished.
2025-04-05 18:29:53,214 - INFO - Training epoch 22 finished.
2025-04-05 18:29:59,158 - INFO - Starting training epoch 23.
2025-04-05 18:30:53,741 - INFO - Starting validation epoch 23.
2025-04-05 18:31:02,424 - INFO - Validation epoch 23 finished.
2025-04-05 18:31:02,445 - INFO - Training epoch 23 finished.
2025-04-05 18:31:08,353 - INFO - Starting training epoch 24.
2025-04-05 18:32:03,138 - INFO - Starting validation epoch 24.
2025-04-05 18:32:12,265 - INFO - Validation epoch 24 finished.
2025-04-05 18:32:12,287 - INFO - Training epoch 24 finished.
2025-04-05 18:32:18,195 - INFO - Starting training epoch 25.
2025-04-05 18:33:12,801 - INFO - Starting validation epoch 25.
2025-04-05 18:33:21,498 - INFO - Validation epoch 25 finished.
2025-04-05 18:33:21,521 - INFO - Training epoch 25 finished.
2025-04-05 18:33:27,399 - INFO - Starting training epoch 26.
2025-04-05 18:34:22,148 - INFO - Starting validation epoch 26.
2025-04-05 18:34:30,973 - INFO - Validation epoch 26 finished.
2025-04-05 18:34:30,996 - INFO - Training epoch 26 finished.
2025-04-05 18:34:36,861 - INFO - Starting training epoch 27.
2025-04-05 18:35:31,717 - INFO - Starting validation epoch 27.
2025-04-05 18:35:40,425 - INFO - Validation epoch 27 finished.
2025-04-05 18:35:40,447 - INFO - Training epoch 27 finished.
2025-04-05 18:35:46,347 - INFO - Starting training epoch 28.
2025-04-05 18:36:41,478 - INFO - Starting validation epoch 28.
2025-04-05 18:36:50,354 - INFO - Validation epoch 28 finished.
2025-04-05 18:36:50,376 - INFO - Training epoch 28 finished.
2025-04-05 18:36:56,278 - INFO - Starting training epoch 29.
2025-04-05 18:37:50,921 - INFO - Starting validation epoch 29.
2025-04-05 18:37:59,714 - INFO - Validation epoch 29 finished.
2025-04-05 18:37:59,735 - INFO - Training epoch 29 finished.
2025-04-05 18:38:05,596 - INFO - Starting training epoch 30.
2025-04-05 18:39:00,234 - INFO - Starting validation epoch 30.
2025-04-05 18:39:08,890 - INFO - Validation epoch 30 finished.
2025-04-05 18:39:08,912 - INFO - Training epoch 30 finished.
2025-04-05 18:39:14,811 - INFO - Starting training epoch 31.
2025-04-05 18:40:09,330 - INFO - Starting validation epoch 31.
2025-04-05 18:40:18,181 - INFO - Validation epoch 31 finished.
2025-04-05 18:40:18,204 - INFO - Training epoch 31 finished.
2025-04-05 18:40:24,148 - INFO - Starting training epoch 32.
2025-04-05 18:41:18,812 - INFO - Starting validation epoch 32.
2025-04-05 18:41:27,422 - INFO - Validation epoch 32 finished.
2025-04-05 18:41:27,444 - INFO - Training epoch 32 finished.
2025-04-05 18:41:33,342 - INFO - Starting training epoch 33.
2025-04-05 18:42:28,496 - INFO - Starting validation epoch 33.
2025-04-05 18:42:37,180 - INFO - Validation epoch 33 finished.
2025-04-05 18:42:37,202 - INFO - Training epoch 33 finished.
2025-04-05 18:42:43,136 - INFO - Starting training epoch 34.
2025-04-05 18:43:38,084 - INFO - Starting validation epoch 34.
2025-04-05 18:43:46,847 - INFO - Validation epoch 34 finished.
2025-04-05 18:43:46,870 - INFO - Training epoch 34 finished.
2025-04-05 18:43:52,769 - INFO - Starting training epoch 35.
2025-04-05 18:44:47,449 - INFO - Starting validation epoch 35.
2025-04-05 18:44:56,131 - INFO - Validation epoch 35 finished.
2025-04-05 18:44:56,155 - INFO - Training epoch 35 finished.
2025-04-05 18:45:02,061 - INFO - Starting training epoch 36.
2025-04-05 18:45:57,102 - INFO - Starting validation epoch 36.
2025-04-05 18:46:06,046 - INFO - Validation epoch 36 finished.
2025-04-05 18:46:06,068 - INFO - Training epoch 36 finished.
2025-04-05 18:46:11,984 - INFO - Starting training epoch 37.
2025-04-05 18:47:06,717 - INFO - Starting validation epoch 37.
2025-04-05 18:47:15,292 - INFO - Validation epoch 37 finished.
2025-04-05 18:47:15,313 - INFO - Training epoch 37 finished.
2025-04-05 18:47:21,235 - INFO - Starting training epoch 38.
2025-04-05 18:48:16,151 - INFO - Starting validation epoch 38.
2025-04-05 18:48:24,909 - INFO - Validation epoch 38 finished.
2025-04-05 18:48:24,931 - INFO - Training epoch 38 finished.
2025-04-05 18:48:30,834 - INFO - Starting training epoch 39.
2025-04-05 18:49:25,308 - INFO - Starting validation epoch 39.
2025-04-05 18:49:33,905 - INFO - Validation epoch 39 finished.
2025-04-05 18:49:33,926 - INFO - Training epoch 39 finished.
2025-04-05 18:49:39,946 - INFO - Starting training epoch 40.
2025-04-05 18:50:34,633 - INFO - Starting validation epoch 40.
2025-04-05 18:50:43,448 - INFO - Validation epoch 40 finished.
2025-04-05 18:50:43,471 - INFO - Training epoch 40 finished.
2025-04-05 18:50:43,471 - INFO - Epoch 40: Learning Rate changed to: 0.0005
2025-04-05 18:50:49,382 - INFO - Starting training epoch 41.
2025-04-05 18:51:44,218 - INFO - Starting validation epoch 41.
2025-04-05 18:51:52,843 - INFO - Validation epoch 41 finished.
2025-04-05 18:51:52,865 - INFO - Training epoch 41 finished.
2025-04-05 18:51:58,911 - INFO - Starting training epoch 42.
2025-04-05 18:52:53,751 - INFO - Starting validation epoch 42.
2025-04-05 18:53:02,543 - INFO - Validation epoch 42 finished.
2025-04-05 18:53:02,566 - INFO - Training epoch 42 finished.
2025-04-05 18:53:08,434 - INFO - Starting training epoch 43.
2025-04-05 18:54:03,100 - INFO - Starting validation epoch 43.
2025-04-05 18:54:11,783 - INFO - Validation epoch 43 finished.
2025-04-05 18:54:11,805 - INFO - Training epoch 43 finished.
2025-04-05 18:54:17,738 - INFO - Starting training epoch 44.
2025-04-05 18:55:12,226 - INFO - Starting validation epoch 44.
2025-04-05 18:55:20,761 - INFO - Validation epoch 44 finished.
2025-04-05 18:55:20,785 - INFO - Training epoch 44 finished.
2025-04-05 18:56:39,602 - INFO - Model training completed.
2025-04-05 18:56:39,602 - INFO - Saving TensorBoard graphs as images...
2025-04-05 18:56:53,146 - INFO - TensorBoard graphs saved to K:\FYP\NEWexperiments\VGG16_None_all_bands_10%_BigEarthNet_50epochs_2\results\tensorboard_graphs.
2025-04-05 18:56:53,198 - INFO - Best Validation Metrics:
2025-04-05 18:56:53,199 - INFO -   val_acc: 0.8766027092933655 (Epoch 29)
2025-04-05 18:56:53,199 - INFO -   val_loss: 0.027352824807167053 (Epoch 34)
2025-04-05 18:56:53,199 - INFO -   val_f1: 0.4346674978733063 (Epoch 34)
2025-04-05 18:56:53,199 - INFO -   val_f2: 0.4861491322517395 (Epoch 34)
2025-04-05 18:56:53,199 - INFO -   val_precision: 0.4088354706764221 (Epoch 35)
2025-04-05 18:56:53,199 - INFO -   val_recall: 0.5510099530220032 (Epoch 34)
2025-04-05 18:56:53,199 - INFO -   val_one_error: 0.1394605189561844 (Epoch 34)
2025-04-05 18:56:53,200 - INFO -   val_hamming_loss: 0.1233973428606987 (Epoch 29)
2025-04-05 18:56:53,200 - INFO -   val_avg_precision: 0.8146123886108398 (Epoch 34)
2025-04-05 18:56:53,200 - INFO - Training Time: 3270.37 seconds
2025-04-05 18:56:53,200 - INFO - Model Size: 512.48 MB
2025-04-05 18:56:53,200 - INFO - Inference Rate: 4418.09 images/second
2025-04-05 18:56:53,200 - INFO - Training completed successfully
