2025-03-30 10:51:27,437 - INFO - Using 12 input channels based on 'all_bands'.
2025-03-30 10:51:28,914 - INFO - Training ResNet18 model with None weights and 'all_bands' bands on 10%_BigEarthNet.
2025-03-30 10:51:28,916 - INFO - Hyperparameters saved to K:\FYP\NEWexperiments\ResNet18_None_all_bands_10%_BigEarthNet_50epochs\hyperparameters.txt
2025-03-30 10:51:28,932 - INFO - Model architecture saved to K:\FYP\NEWexperiments\ResNet18_None_all_bands_10%_BigEarthNet_50epochs\ResNet18.txt
2025-03-30 10:51:28,933 - INFO - Training on device: cuda
2025-03-30 10:51:28,940 - INFO - No checkpoint provided, starting training from scratch.
2025-03-30 10:51:28,940 - INFO - Starting model training...
2025-03-30 10:52:34,943 - INFO - Starting validation epoch 0.
2025-03-30 10:52:37,585 - INFO - Validation epoch 0 finished.
2025-03-30 10:53:45,685 - INFO - Starting training epoch 0.
2025-03-30 10:54:28,414 - INFO - Starting validation epoch 0.
2025-03-30 10:54:36,493 - INFO - Validation epoch 0 finished.
2025-03-30 10:54:36,516 - INFO - Training epoch 0 finished.
2025-03-30 10:54:36,519 - INFO - Initial Learning Rate: 0.001
2025-03-30 10:54:37,188 - INFO - Starting training epoch 1.
2025-03-30 10:55:19,938 - INFO - Starting validation epoch 1.
2025-03-30 10:55:28,138 - INFO - Validation epoch 1 finished.
2025-03-30 10:55:28,162 - INFO - Training epoch 1 finished.
2025-03-30 10:55:28,844 - INFO - Starting training epoch 2.
2025-03-30 10:56:11,518 - INFO - Starting validation epoch 2.
2025-03-30 10:56:19,373 - INFO - Validation epoch 2 finished.
2025-03-30 10:56:19,398 - INFO - Training epoch 2 finished.
2025-03-30 10:56:20,083 - INFO - Starting training epoch 3.
2025-03-30 10:57:02,938 - INFO - Starting validation epoch 3.
2025-03-30 10:57:10,886 - INFO - Validation epoch 3 finished.
2025-03-30 10:57:10,913 - INFO - Training epoch 3 finished.
2025-03-30 10:57:11,586 - INFO - Starting training epoch 4.
2025-03-30 10:57:54,265 - INFO - Starting validation epoch 4.
2025-03-30 10:58:02,161 - INFO - Validation epoch 4 finished.
2025-03-30 10:58:02,185 - INFO - Training epoch 4 finished.
2025-03-30 10:58:02,871 - INFO - Starting training epoch 5.
2025-03-30 10:58:45,647 - INFO - Starting validation epoch 5.
2025-03-30 10:58:53,561 - INFO - Validation epoch 5 finished.
2025-03-30 10:58:53,585 - INFO - Training epoch 5 finished.
2025-03-30 10:58:54,251 - INFO - Starting training epoch 6.
2025-03-30 10:59:36,608 - INFO - Starting validation epoch 6.
2025-03-30 10:59:44,596 - INFO - Validation epoch 6 finished.
2025-03-30 10:59:44,621 - INFO - Training epoch 6 finished.
2025-03-30 10:59:45,294 - INFO - Starting training epoch 7.
2025-03-30 11:00:27,861 - INFO - Starting validation epoch 7.
2025-03-30 11:00:35,891 - INFO - Validation epoch 7 finished.
2025-03-30 11:00:35,914 - INFO - Training epoch 7 finished.
2025-03-30 11:00:36,584 - INFO - Starting training epoch 8.
2025-03-30 11:01:19,089 - INFO - Starting validation epoch 8.
2025-03-30 11:01:26,999 - INFO - Validation epoch 8 finished.
2025-03-30 11:01:27,024 - INFO - Training epoch 8 finished.
2025-03-30 11:01:27,695 - INFO - Starting training epoch 9.
2025-03-30 11:02:10,104 - INFO - Starting validation epoch 9.
2025-03-30 11:02:18,020 - INFO - Validation epoch 9 finished.
2025-03-30 11:02:18,045 - INFO - Training epoch 9 finished.
2025-03-30 11:02:18,744 - INFO - Starting training epoch 10.
2025-03-30 11:03:01,596 - INFO - Starting validation epoch 10.
2025-03-30 11:03:09,616 - INFO - Validation epoch 10 finished.
2025-03-30 11:03:09,643 - INFO - Training epoch 10 finished.
2025-03-30 11:03:10,311 - INFO - Starting training epoch 11.
2025-03-30 11:03:52,977 - INFO - Starting validation epoch 11.
2025-03-30 11:04:00,940 - INFO - Validation epoch 11 finished.
2025-03-30 11:04:00,964 - INFO - Training epoch 11 finished.
2025-03-30 11:04:01,634 - INFO - Starting training epoch 12.
2025-03-30 11:04:44,254 - INFO - Starting validation epoch 12.
2025-03-30 11:04:52,252 - INFO - Validation epoch 12 finished.
2025-03-30 11:04:52,276 - INFO - Training epoch 12 finished.
2025-03-30 11:04:52,952 - INFO - Starting training epoch 13.
2025-03-30 11:05:35,620 - INFO - Starting validation epoch 13.
2025-03-30 11:05:43,604 - INFO - Validation epoch 13 finished.
2025-03-30 11:05:43,629 - INFO - Training epoch 13 finished.
2025-03-30 11:05:44,297 - INFO - Starting training epoch 14.
2025-03-30 11:06:26,863 - INFO - Starting validation epoch 14.
2025-03-30 11:06:34,743 - INFO - Validation epoch 14 finished.
2025-03-30 11:06:34,766 - INFO - Training epoch 14 finished.
2025-03-30 11:06:35,438 - INFO - Starting training epoch 15.
2025-03-30 11:07:18,009 - INFO - Starting validation epoch 15.
2025-03-30 11:07:25,890 - INFO - Validation epoch 15 finished.
2025-03-30 11:07:25,916 - INFO - Training epoch 15 finished.
2025-03-30 11:07:26,590 - INFO - Starting training epoch 16.
2025-03-30 11:08:09,472 - INFO - Starting validation epoch 16.
2025-03-30 11:08:17,547 - INFO - Validation epoch 16 finished.
2025-03-30 11:08:17,571 - INFO - Training epoch 16 finished.
2025-03-30 11:08:18,249 - INFO - Starting training epoch 17.
2025-03-30 11:09:00,775 - INFO - Starting validation epoch 17.
2025-03-30 11:09:08,703 - INFO - Validation epoch 17 finished.
2025-03-30 11:09:08,727 - INFO - Training epoch 17 finished.
2025-03-30 11:09:09,392 - INFO - Starting training epoch 18.
2025-03-30 11:09:52,094 - INFO - Starting validation epoch 18.
2025-03-30 11:10:00,161 - INFO - Validation epoch 18 finished.
2025-03-30 11:10:00,187 - INFO - Training epoch 18 finished.
2025-03-30 11:10:00,865 - INFO - Starting training epoch 19.
2025-03-30 11:10:43,430 - INFO - Starting validation epoch 19.
2025-03-30 11:10:51,270 - INFO - Validation epoch 19 finished.
2025-03-30 11:10:51,294 - INFO - Training epoch 19 finished.
2025-03-30 11:10:51,970 - INFO - Starting training epoch 20.
2025-03-30 11:11:34,370 - INFO - Starting validation epoch 20.
2025-03-30 11:11:42,330 - INFO - Validation epoch 20 finished.
2025-03-30 11:11:42,355 - INFO - Training epoch 20 finished.
2025-03-30 11:11:42,355 - INFO - Epoch 20: Learning Rate changed to: 0.0005
2025-03-30 11:11:43,031 - INFO - Starting training epoch 21.
2025-03-30 11:12:25,660 - INFO - Starting validation epoch 21.
2025-03-30 11:12:33,785 - INFO - Validation epoch 21 finished.
2025-03-30 11:12:33,810 - INFO - Training epoch 21 finished.
2025-03-30 11:12:34,483 - INFO - Starting training epoch 22.
2025-03-30 11:13:16,942 - INFO - Starting validation epoch 22.
2025-03-30 11:13:24,727 - INFO - Validation epoch 22 finished.
2025-03-30 11:13:24,752 - INFO - Training epoch 22 finished.
2025-03-30 11:13:25,416 - INFO - Starting training epoch 23.
2025-03-30 11:14:08,077 - INFO - Starting validation epoch 23.
2025-03-30 11:14:16,024 - INFO - Validation epoch 23 finished.
2025-03-30 11:14:16,049 - INFO - Training epoch 23 finished.
2025-03-30 11:14:16,720 - INFO - Starting training epoch 24.
2025-03-30 11:14:59,178 - INFO - Starting validation epoch 24.
2025-03-30 11:15:06,933 - INFO - Validation epoch 24 finished.
2025-03-30 11:15:06,961 - INFO - Training epoch 24 finished.
2025-03-30 11:15:07,637 - INFO - Starting training epoch 25.
2025-03-30 11:15:50,295 - INFO - Starting validation epoch 25.
2025-03-30 11:15:58,217 - INFO - Validation epoch 25 finished.
2025-03-30 11:15:58,242 - INFO - Training epoch 25 finished.
2025-03-30 11:15:58,922 - INFO - Starting training epoch 26.
2025-03-30 11:16:41,547 - INFO - Starting validation epoch 26.
2025-03-30 11:16:49,579 - INFO - Validation epoch 26 finished.
2025-03-30 11:16:49,603 - INFO - Training epoch 26 finished.
2025-03-30 11:16:49,603 - INFO - Epoch 26: Learning Rate changed to: 0.00025
2025-03-30 11:16:50,282 - INFO - Starting training epoch 27.
2025-03-30 11:17:33,145 - INFO - Starting validation epoch 27.
2025-03-30 11:17:41,020 - INFO - Validation epoch 27 finished.
2025-03-30 11:17:41,044 - INFO - Training epoch 27 finished.
2025-03-30 11:17:41,822 - INFO - Starting training epoch 28.
2025-03-30 11:18:24,614 - INFO - Starting validation epoch 28.
2025-03-30 11:18:32,552 - INFO - Validation epoch 28 finished.
2025-03-30 11:18:32,576 - INFO - Training epoch 28 finished.
2025-03-30 11:18:33,253 - INFO - Starting training epoch 29.
2025-03-30 11:19:16,190 - INFO - Starting validation epoch 29.
2025-03-30 11:19:24,025 - INFO - Validation epoch 29 finished.
2025-03-30 11:19:24,051 - INFO - Training epoch 29 finished.
2025-03-30 11:19:24,743 - INFO - Starting training epoch 30.
2025-03-30 11:20:08,173 - INFO - Starting validation epoch 30.
2025-03-30 11:20:16,193 - INFO - Validation epoch 30 finished.
2025-03-30 11:20:16,217 - INFO - Training epoch 30 finished.
2025-03-30 11:20:16,913 - INFO - Starting training epoch 31.
2025-03-30 11:20:59,887 - INFO - Starting validation epoch 31.
2025-03-30 11:21:07,967 - INFO - Validation epoch 31 finished.
2025-03-30 11:21:07,995 - INFO - Training epoch 31 finished.
2025-03-30 11:21:08,659 - INFO - Starting training epoch 32.
2025-03-30 11:21:51,481 - INFO - Starting validation epoch 32.
2025-03-30 11:21:59,387 - INFO - Validation epoch 32 finished.
2025-03-30 11:21:59,415 - INFO - Training epoch 32 finished.
2025-03-30 11:22:00,095 - INFO - Starting training epoch 33.
2025-03-30 11:22:42,826 - INFO - Starting validation epoch 33.
2025-03-30 11:22:50,778 - INFO - Validation epoch 33 finished.
2025-03-30 11:22:50,803 - INFO - Training epoch 33 finished.
2025-03-30 11:22:50,804 - INFO - Epoch 33: Learning Rate changed to: 0.000125
2025-03-30 11:22:51,474 - INFO - Starting training epoch 34.
2025-03-30 11:23:33,873 - INFO - Starting validation epoch 34.
2025-03-30 11:23:41,947 - INFO - Validation epoch 34 finished.
2025-03-30 11:23:41,973 - INFO - Training epoch 34 finished.
2025-03-30 11:23:42,649 - INFO - Starting training epoch 35.
2025-03-30 11:24:25,132 - INFO - Starting validation epoch 35.
2025-03-30 11:24:33,143 - INFO - Validation epoch 35 finished.
2025-03-30 11:24:33,174 - INFO - Training epoch 35 finished.
2025-03-30 11:24:33,841 - INFO - Starting training epoch 36.
2025-03-30 11:25:16,632 - INFO - Starting validation epoch 36.
2025-03-30 11:25:24,544 - INFO - Validation epoch 36 finished.
2025-03-30 11:25:24,569 - INFO - Training epoch 36 finished.
2025-03-30 11:25:25,235 - INFO - Starting training epoch 37.
2025-03-30 11:26:08,121 - INFO - Starting validation epoch 37.
2025-03-30 11:26:16,023 - INFO - Validation epoch 37 finished.
2025-03-30 11:26:16,048 - INFO - Training epoch 37 finished.
2025-03-30 11:27:29,466 - INFO - Model training completed.
2025-03-30 11:27:29,466 - INFO - Saving TensorBoard graphs as images...
2025-03-30 11:27:40,105 - INFO - TensorBoard graphs saved to K:\FYP\NEWexperiments\ResNet18_None_all_bands_10%_BigEarthNet_50epochs\results\tensorboard_graphs.
2025-03-30 11:27:40,113 - INFO - Best Validation Metrics:
2025-03-30 11:27:40,113 - INFO -   val_acc: 0.9101560711860657 (Epoch 32)
2025-03-30 11:27:40,113 - INFO -   val_loss: 0.021829694509506226 (Epoch 27)
2025-03-30 11:27:40,113 - INFO -   val_f1: 0.5342738628387451 (Epoch 35)
2025-03-30 11:27:40,113 - INFO -   val_f2: 0.5707681775093079 (Epoch 35)
2025-03-30 11:27:40,113 - INFO -   val_precision: 0.49958357214927673 (Epoch 32)
2025-03-30 11:27:40,113 - INFO -   val_recall: 0.608272910118103 (Epoch 29)
2025-03-30 11:27:40,113 - INFO -   val_one_error: 0.05839822068810463 (Epoch 35)
2025-03-30 11:27:40,113 - INFO -   val_hamming_loss: 0.004728630650788546 (Epoch 32)
2025-03-30 11:27:40,113 - INFO -   val_avg_precision: 0.8858833312988281 (Epoch 35)
2025-03-30 11:27:40,113 - INFO - Training Time: 2087.56 seconds
2025-03-30 11:27:40,113 - INFO - Model Size: 42.78 MB
2025-03-30 11:27:40,113 - INFO - Inference Rate: 22187.50 images/second
2025-03-30 11:27:40,113 - INFO - Training completed successfully
