2025-03-30 14:07:18,255 - INFO - Using 12 input channels based on 'all_bands'.
2025-03-30 14:07:25,619 - INFO - Training EfficientNet_v2 model with None weights and 'all_bands' bands on 10%_BigEarthNet.
2025-03-30 14:07:25,620 - INFO - Hyperparameters saved to K:\FYP\NEWexperiments\EfficientNet_v2_None_all_bands_10%_BigEarthNet_50epochs\hyperparameters.txt
2025-03-30 14:07:25,881 - INFO - Model architecture saved to K:\FYP\NEWexperiments\EfficientNet_v2_None_all_bands_10%_BigEarthNet_50epochs\EfficientNet_v2.txt
2025-03-30 14:07:25,882 - INFO - Training on device: cuda
2025-03-30 14:07:25,894 - INFO - No checkpoint provided, starting training from scratch.
2025-03-30 14:07:25,894 - INFO - Starting model training...
2025-03-30 14:08:31,911 - INFO - Starting validation epoch 0.
2025-03-30 14:08:35,064 - INFO - Validation epoch 0 finished.
2025-03-30 14:09:43,084 - INFO - Starting training epoch 0.
2025-03-30 14:10:45,136 - INFO - Starting validation epoch 0.
2025-03-30 14:10:54,062 - INFO - Validation epoch 0 finished.
2025-03-30 14:10:54,089 - INFO - Training epoch 0 finished.
2025-03-30 14:10:54,089 - INFO - Initial Learning Rate: 0.001
2025-03-30 14:10:57,322 - INFO - Starting training epoch 1.
2025-03-30 14:11:58,494 - INFO - Starting validation epoch 1.
2025-03-30 14:12:07,662 - INFO - Validation epoch 1 finished.
2025-03-30 14:12:07,688 - INFO - Training epoch 1 finished.
2025-03-30 14:12:10,980 - INFO - Starting training epoch 2.
2025-03-30 14:13:12,459 - INFO - Starting validation epoch 2.
2025-03-30 14:13:21,535 - INFO - Validation epoch 2 finished.
2025-03-30 14:13:21,561 - INFO - Training epoch 2 finished.
2025-03-30 14:13:25,013 - INFO - Starting training epoch 3.
2025-03-30 14:14:26,432 - INFO - Starting validation epoch 3.
2025-03-30 14:14:35,513 - INFO - Validation epoch 3 finished.
2025-03-30 14:14:35,540 - INFO - Training epoch 3 finished.
2025-03-30 14:14:38,841 - INFO - Starting training epoch 4.
2025-03-30 14:15:39,942 - INFO - Starting validation epoch 4.
2025-03-30 14:15:48,949 - INFO - Validation epoch 4 finished.
2025-03-30 14:15:48,975 - INFO - Training epoch 4 finished.
2025-03-30 14:15:52,250 - INFO - Starting training epoch 5.
2025-03-30 14:16:53,824 - INFO - Starting validation epoch 5.
2025-03-30 14:17:02,951 - INFO - Validation epoch 5 finished.
2025-03-30 14:17:02,979 - INFO - Training epoch 5 finished.
2025-03-30 14:17:06,263 - INFO - Starting training epoch 6.
2025-03-30 14:18:07,201 - INFO - Starting validation epoch 6.
2025-03-30 14:18:16,312 - INFO - Validation epoch 6 finished.
2025-03-30 14:18:16,338 - INFO - Training epoch 6 finished.
2025-03-30 14:18:19,685 - INFO - Starting training epoch 7.
2025-03-30 14:19:21,099 - INFO - Starting validation epoch 7.
2025-03-30 14:19:30,173 - INFO - Validation epoch 7 finished.
2025-03-30 14:19:30,198 - INFO - Training epoch 7 finished.
2025-03-30 14:19:33,489 - INFO - Starting training epoch 8.
2025-03-30 14:20:34,787 - INFO - Starting validation epoch 8.
2025-03-30 14:20:43,649 - INFO - Validation epoch 8 finished.
2025-03-30 14:20:43,676 - INFO - Training epoch 8 finished.
2025-03-30 14:20:46,986 - INFO - Starting training epoch 9.
2025-03-30 14:21:48,351 - INFO - Starting validation epoch 9.
2025-03-30 14:21:57,363 - INFO - Validation epoch 9 finished.
2025-03-30 14:21:57,390 - INFO - Training epoch 9 finished.
2025-03-30 14:22:00,774 - INFO - Starting training epoch 10.
2025-03-30 14:23:02,411 - INFO - Starting validation epoch 10.
2025-03-30 14:23:11,347 - INFO - Validation epoch 10 finished.
2025-03-30 14:23:11,374 - INFO - Training epoch 10 finished.
2025-03-30 14:23:14,669 - INFO - Starting training epoch 11.
2025-03-30 14:24:16,453 - INFO - Starting validation epoch 11.
2025-03-30 14:24:25,328 - INFO - Validation epoch 11 finished.
2025-03-30 14:24:25,356 - INFO - Training epoch 11 finished.
2025-03-30 14:24:28,639 - INFO - Starting training epoch 12.
2025-03-30 14:25:30,125 - INFO - Starting validation epoch 12.
2025-03-30 14:25:39,027 - INFO - Validation epoch 12 finished.
2025-03-30 14:25:39,059 - INFO - Training epoch 12 finished.
2025-03-30 14:25:42,474 - INFO - Starting training epoch 13.
2025-03-30 14:26:43,833 - INFO - Starting validation epoch 13.
2025-03-30 14:26:52,749 - INFO - Validation epoch 13 finished.
2025-03-30 14:26:52,775 - INFO - Training epoch 13 finished.
2025-03-30 14:26:56,033 - INFO - Starting training epoch 14.
2025-03-30 14:27:57,297 - INFO - Starting validation epoch 14.
2025-03-30 14:28:06,225 - INFO - Validation epoch 14 finished.
2025-03-30 14:28:06,253 - INFO - Training epoch 14 finished.
2025-03-30 14:28:09,567 - INFO - Starting training epoch 15.
2025-03-30 14:29:10,777 - INFO - Starting validation epoch 15.
2025-03-30 14:29:19,944 - INFO - Validation epoch 15 finished.
2025-03-30 14:29:19,971 - INFO - Training epoch 15 finished.
2025-03-30 14:29:23,251 - INFO - Starting training epoch 16.
2025-03-30 14:30:24,553 - INFO - Starting validation epoch 16.
2025-03-30 14:30:33,601 - INFO - Validation epoch 16 finished.
2025-03-30 14:30:33,628 - INFO - Training epoch 16 finished.
2025-03-30 14:30:36,871 - INFO - Starting training epoch 17.
2025-03-30 14:31:38,357 - INFO - Starting validation epoch 17.
2025-03-30 14:31:47,544 - INFO - Validation epoch 17 finished.
2025-03-30 14:31:47,571 - INFO - Training epoch 17 finished.
2025-03-30 14:31:50,811 - INFO - Starting training epoch 18.
2025-03-30 14:32:52,500 - INFO - Starting validation epoch 18.
2025-03-30 14:33:01,441 - INFO - Validation epoch 18 finished.
2025-03-30 14:33:01,468 - INFO - Training epoch 18 finished.
2025-03-30 14:33:04,745 - INFO - Starting training epoch 19.
2025-03-30 14:34:06,323 - INFO - Starting validation epoch 19.
2025-03-30 14:34:15,388 - INFO - Validation epoch 19 finished.
2025-03-30 14:34:15,415 - INFO - Training epoch 19 finished.
2025-03-30 14:34:18,784 - INFO - Starting training epoch 20.
2025-03-30 14:35:20,235 - INFO - Starting validation epoch 20.
2025-03-30 14:35:29,400 - INFO - Validation epoch 20 finished.
2025-03-30 14:35:29,425 - INFO - Training epoch 20 finished.
2025-03-30 14:35:32,670 - INFO - Starting training epoch 21.
2025-03-30 14:36:34,375 - INFO - Starting validation epoch 21.
2025-03-30 14:36:43,381 - INFO - Validation epoch 21 finished.
2025-03-30 14:36:43,407 - INFO - Training epoch 21 finished.
2025-03-30 14:36:46,654 - INFO - Starting training epoch 22.
2025-03-30 14:37:47,752 - INFO - Starting validation epoch 22.
2025-03-30 14:37:56,641 - INFO - Validation epoch 22 finished.
2025-03-30 14:37:56,668 - INFO - Training epoch 22 finished.
2025-03-30 14:37:59,906 - INFO - Starting training epoch 23.
2025-03-30 14:39:01,252 - INFO - Starting validation epoch 23.
2025-03-30 14:39:10,276 - INFO - Validation epoch 23 finished.
2025-03-30 14:39:10,303 - INFO - Training epoch 23 finished.
2025-03-30 14:39:13,581 - INFO - Starting training epoch 24.
2025-03-30 14:40:14,771 - INFO - Starting validation epoch 24.
2025-03-30 14:40:23,566 - INFO - Validation epoch 24 finished.
2025-03-30 14:40:23,593 - INFO - Training epoch 24 finished.
2025-03-30 14:40:26,850 - INFO - Starting training epoch 25.
2025-03-30 14:41:28,449 - INFO - Starting validation epoch 25.
2025-03-30 14:41:37,404 - INFO - Validation epoch 25 finished.
2025-03-30 14:41:37,430 - INFO - Training epoch 25 finished.
2025-03-30 14:41:40,642 - INFO - Starting training epoch 26.
2025-03-30 14:42:42,340 - INFO - Starting validation epoch 26.
2025-03-30 14:42:51,349 - INFO - Validation epoch 26 finished.
2025-03-30 14:42:51,376 - INFO - Training epoch 26 finished.
2025-03-30 14:42:54,733 - INFO - Starting training epoch 27.
2025-03-30 14:43:56,417 - INFO - Starting validation epoch 27.
2025-03-30 14:44:05,442 - INFO - Validation epoch 27 finished.
2025-03-30 14:44:05,469 - INFO - Training epoch 27 finished.
2025-03-30 14:44:08,738 - INFO - Starting training epoch 28.
2025-03-30 14:45:10,369 - INFO - Starting validation epoch 28.
2025-03-30 14:45:19,480 - INFO - Validation epoch 28 finished.
2025-03-30 14:45:19,509 - INFO - Training epoch 28 finished.
2025-03-30 14:45:22,766 - INFO - Starting training epoch 29.
2025-03-30 14:46:23,827 - INFO - Starting validation epoch 29.
2025-03-30 14:46:32,708 - INFO - Validation epoch 29 finished.
2025-03-30 14:46:32,734 - INFO - Training epoch 29 finished.
2025-03-30 14:46:36,084 - INFO - Starting training epoch 30.
2025-03-30 14:47:37,548 - INFO - Starting validation epoch 30.
2025-03-30 14:47:46,456 - INFO - Validation epoch 30 finished.
2025-03-30 14:47:46,482 - INFO - Training epoch 30 finished.
2025-03-30 14:47:49,687 - INFO - Starting training epoch 31.
2025-03-30 14:48:51,080 - INFO - Starting validation epoch 31.
2025-03-30 14:49:00,102 - INFO - Validation epoch 31 finished.
2025-03-30 14:49:00,132 - INFO - Training epoch 31 finished.
2025-03-30 14:49:03,368 - INFO - Starting training epoch 32.
2025-03-30 14:50:04,981 - INFO - Starting validation epoch 32.
2025-03-30 14:50:14,034 - INFO - Validation epoch 32 finished.
2025-03-30 14:50:14,061 - INFO - Training epoch 32 finished.
2025-03-30 14:50:17,306 - INFO - Starting training epoch 33.
2025-03-30 14:51:18,403 - INFO - Starting validation epoch 33.
2025-03-30 14:51:27,581 - INFO - Validation epoch 33 finished.
2025-03-30 14:51:27,608 - INFO - Training epoch 33 finished.
2025-03-30 14:51:30,829 - INFO - Starting training epoch 34.
2025-03-30 14:52:31,972 - INFO - Starting validation epoch 34.
2025-03-30 14:52:40,925 - INFO - Validation epoch 34 finished.
2025-03-30 14:52:40,951 - INFO - Training epoch 34 finished.
2025-03-30 14:52:44,166 - INFO - Starting training epoch 35.
2025-03-30 14:53:45,763 - INFO - Starting validation epoch 35.
2025-03-30 14:53:54,742 - INFO - Validation epoch 35 finished.
2025-03-30 14:53:54,768 - INFO - Training epoch 35 finished.
2025-03-30 14:53:58,008 - INFO - Starting training epoch 36.
2025-03-30 14:54:59,485 - INFO - Starting validation epoch 36.
2025-03-30 14:55:08,430 - INFO - Validation epoch 36 finished.
2025-03-30 14:55:08,460 - INFO - Training epoch 36 finished.
2025-03-30 14:55:11,809 - INFO - Starting training epoch 37.
2025-03-30 14:56:13,104 - INFO - Starting validation epoch 37.
2025-03-30 14:56:21,952 - INFO - Validation epoch 37 finished.
2025-03-30 14:56:21,980 - INFO - Training epoch 37 finished.
2025-03-30 14:56:25,222 - INFO - Starting training epoch 38.
2025-03-30 14:57:26,223 - INFO - Starting validation epoch 38.
2025-03-30 14:57:35,155 - INFO - Validation epoch 38 finished.
2025-03-30 14:57:35,182 - INFO - Training epoch 38 finished.
2025-03-30 14:57:38,433 - INFO - Starting training epoch 39.
2025-03-30 14:58:39,976 - INFO - Starting validation epoch 39.
2025-03-30 14:58:48,877 - INFO - Validation epoch 39 finished.
2025-03-30 14:58:48,904 - INFO - Training epoch 39 finished.
2025-03-30 14:58:52,198 - INFO - Starting training epoch 40.
2025-03-30 14:59:53,584 - INFO - Starting validation epoch 40.
2025-03-30 15:00:02,511 - INFO - Validation epoch 40 finished.
2025-03-30 15:00:02,537 - INFO - Training epoch 40 finished.
2025-03-30 15:00:05,919 - INFO - Starting training epoch 41.
2025-03-30 15:01:06,879 - INFO - Starting validation epoch 41.
2025-03-30 15:01:15,728 - INFO - Validation epoch 41 finished.
2025-03-30 15:01:15,755 - INFO - Training epoch 41 finished.
2025-03-30 15:01:19,008 - INFO - Starting training epoch 42.
2025-03-30 15:02:20,345 - INFO - Starting validation epoch 42.
2025-03-30 15:02:29,322 - INFO - Validation epoch 42 finished.
2025-03-30 15:02:29,347 - INFO - Training epoch 42 finished.
2025-03-30 15:02:32,608 - INFO - Starting training epoch 43.
2025-03-30 15:03:34,179 - INFO - Starting validation epoch 43.
2025-03-30 15:03:42,955 - INFO - Validation epoch 43 finished.
2025-03-30 15:03:42,983 - INFO - Training epoch 43 finished.
2025-03-30 15:03:46,360 - INFO - Starting training epoch 44.
2025-03-30 15:04:47,785 - INFO - Starting validation epoch 44.
2025-03-30 15:04:56,968 - INFO - Validation epoch 44 finished.
2025-03-30 15:04:56,996 - INFO - Training epoch 44 finished.
2025-03-30 15:04:56,996 - INFO - Epoch 44: Learning Rate changed to: 0.0005
2025-03-30 15:05:00,306 - INFO - Starting training epoch 45.
2025-03-30 15:06:02,037 - INFO - Starting validation epoch 45.
2025-03-30 15:06:11,152 - INFO - Validation epoch 45 finished.
2025-03-30 15:06:11,178 - INFO - Training epoch 45 finished.
2025-03-30 15:06:14,422 - INFO - Starting training epoch 46.
2025-03-30 15:07:15,888 - INFO - Starting validation epoch 46.
2025-03-30 15:07:24,767 - INFO - Validation epoch 46 finished.
2025-03-30 15:07:24,794 - INFO - Training epoch 46 finished.
2025-03-30 15:07:28,007 - INFO - Starting training epoch 47.
2025-03-30 15:08:29,285 - INFO - Starting validation epoch 47.
2025-03-30 15:08:38,371 - INFO - Validation epoch 47 finished.
2025-03-30 15:08:38,399 - INFO - Training epoch 47 finished.
2025-03-30 15:08:41,613 - INFO - Starting training epoch 48.
2025-03-30 15:09:42,908 - INFO - Starting validation epoch 48.
2025-03-30 15:09:51,941 - INFO - Validation epoch 48 finished.
2025-03-30 15:09:51,968 - INFO - Training epoch 48 finished.
2025-03-30 15:09:55,214 - INFO - Starting training epoch 49.
2025-03-30 15:10:56,474 - INFO - Starting validation epoch 49.
2025-03-30 15:11:05,381 - INFO - Validation epoch 49 finished.
2025-03-30 15:11:05,408 - INFO - Training epoch 49 finished.
2025-03-30 15:12:22,137 - INFO - Model training completed.
2025-03-30 15:12:22,138 - INFO - Saving TensorBoard graphs as images...
2025-03-30 15:12:34,969 - INFO - TensorBoard graphs saved to K:\FYP\NEWexperiments\EfficientNet_v2_None_all_bands_10%_BigEarthNet_50epochs\results\tensorboard_graphs.
2025-03-30 15:12:34,980 - INFO - Best Validation Metrics:
2025-03-30 15:12:34,980 - INFO -   val_acc: 0.9049674272537231 (Epoch 45)
2025-03-30 15:12:34,980 - INFO -   val_loss: 0.0219989325851202 (Epoch 45)
2025-03-30 15:12:34,980 - INFO -   val_f1: 0.510329008102417 (Epoch 45)
2025-03-30 15:12:34,980 - INFO -   val_f2: 0.5505748391151428 (Epoch 48)
2025-03-30 15:12:34,980 - INFO -   val_precision: 0.47980985045433044 (Epoch 44)
2025-03-30 15:12:34,980 - INFO -   val_recall: 0.5973638892173767 (Epoch 48)
2025-03-30 15:12:34,980 - INFO -   val_one_error: 0.06687986850738525 (Epoch 45)
2025-03-30 15:12:34,980 - INFO -   val_hamming_loss: 0.005001709330826998 (Epoch 45)
2025-03-30 15:12:34,980 - INFO -   val_avg_precision: 0.8780419230461121 (Epoch 45)
2025-03-30 15:12:34,980 - INFO - Training Time: 3822.57 seconds
2025-03-30 15:12:34,980 - INFO - Model Size: 201.74 MB
2025-03-30 15:12:34,980 - INFO - Inference Rate: 4036.23 images/second
2025-03-30 15:12:34,980 - INFO - Training completed successfully
