2025-03-30 13:21:17,582 - INFO - Using 12 input channels based on 'all_bands'.
2025-03-30 13:21:20,391 - INFO - Training EfficientNetB0 model with None weights and 'all_bands' bands on 10%_BigEarthNet.
2025-03-30 13:21:20,392 - INFO - Hyperparameters saved to K:\FYP\NEWexperiments\EfficientNetB0_None_all_bands_10%_BigEarthNet_50epochs\hyperparameters.txt
2025-03-30 13:21:20,474 - INFO - Model architecture saved to K:\FYP\NEWexperiments\EfficientNetB0_None_all_bands_10%_BigEarthNet_50epochs\EfficientNetB0.txt
2025-03-30 13:21:20,475 - INFO - Training on device: cuda
2025-03-30 13:21:20,483 - INFO - No checkpoint provided, starting training from scratch.
2025-03-30 13:21:20,483 - INFO - Starting model training...
2025-03-30 13:22:26,435 - INFO - Starting validation epoch 0.
2025-03-30 13:22:29,389 - INFO - Validation epoch 0 finished.
2025-03-30 13:23:37,094 - INFO - Starting training epoch 0.
2025-03-30 13:24:21,060 - INFO - Starting validation epoch 0.
2025-03-30 13:24:29,230 - INFO - Validation epoch 0 finished.
2025-03-30 13:24:29,257 - INFO - Training epoch 0 finished.
2025-03-30 13:24:29,257 - INFO - Initial Learning Rate: 0.001
2025-03-30 13:24:29,570 - INFO - Starting training epoch 1.
2025-03-30 13:25:12,459 - INFO - Starting validation epoch 1.
2025-03-30 13:25:20,492 - INFO - Validation epoch 1 finished.
2025-03-30 13:25:20,517 - INFO - Training epoch 1 finished.
2025-03-30 13:25:20,842 - INFO - Starting training epoch 2.
2025-03-30 13:26:03,346 - INFO - Starting validation epoch 2.
2025-03-30 13:26:11,284 - INFO - Validation epoch 2 finished.
2025-03-30 13:26:11,309 - INFO - Training epoch 2 finished.
2025-03-30 13:26:11,630 - INFO - Starting training epoch 3.
2025-03-30 13:26:54,325 - INFO - Starting validation epoch 3.
2025-03-30 13:27:02,356 - INFO - Validation epoch 3 finished.
2025-03-30 13:27:02,382 - INFO - Training epoch 3 finished.
2025-03-30 13:27:02,715 - INFO - Starting training epoch 4.
2025-03-30 13:27:45,189 - INFO - Starting validation epoch 4.
2025-03-30 13:27:53,201 - INFO - Validation epoch 4 finished.
2025-03-30 13:27:53,226 - INFO - Training epoch 4 finished.
2025-03-30 13:27:53,552 - INFO - Starting training epoch 5.
2025-03-30 13:28:36,231 - INFO - Starting validation epoch 5.
2025-03-30 13:28:44,187 - INFO - Validation epoch 5 finished.
2025-03-30 13:28:44,209 - INFO - Training epoch 5 finished.
2025-03-30 13:28:44,525 - INFO - Starting training epoch 6.
2025-03-30 13:29:27,123 - INFO - Starting validation epoch 6.
2025-03-30 13:29:34,965 - INFO - Validation epoch 6 finished.
2025-03-30 13:29:34,990 - INFO - Training epoch 6 finished.
2025-03-30 13:29:35,314 - INFO - Starting training epoch 7.
2025-03-30 13:30:18,042 - INFO - Starting validation epoch 7.
2025-03-30 13:30:26,139 - INFO - Validation epoch 7 finished.
2025-03-30 13:30:26,163 - INFO - Training epoch 7 finished.
2025-03-30 13:30:26,493 - INFO - Starting training epoch 8.
2025-03-30 13:31:08,986 - INFO - Starting validation epoch 8.
2025-03-30 13:31:17,071 - INFO - Validation epoch 8 finished.
2025-03-30 13:31:17,094 - INFO - Training epoch 8 finished.
2025-03-30 13:31:17,420 - INFO - Starting training epoch 9.
2025-03-30 13:32:00,098 - INFO - Starting validation epoch 9.
2025-03-30 13:32:08,077 - INFO - Validation epoch 9 finished.
2025-03-30 13:32:08,103 - INFO - Training epoch 9 finished.
2025-03-30 13:32:08,427 - INFO - Starting training epoch 10.
2025-03-30 13:32:50,979 - INFO - Starting validation epoch 10.
2025-03-30 13:32:59,078 - INFO - Validation epoch 10 finished.
2025-03-30 13:32:59,104 - INFO - Training epoch 10 finished.
2025-03-30 13:32:59,422 - INFO - Starting training epoch 11.
2025-03-30 13:33:42,989 - INFO - Starting validation epoch 11.
2025-03-30 13:33:51,026 - INFO - Validation epoch 11 finished.
2025-03-30 13:33:51,051 - INFO - Training epoch 11 finished.
2025-03-30 13:33:51,369 - INFO - Starting training epoch 12.
2025-03-30 13:34:34,465 - INFO - Starting validation epoch 12.
2025-03-30 13:34:42,427 - INFO - Validation epoch 12 finished.
2025-03-30 13:34:42,453 - INFO - Training epoch 12 finished.
2025-03-30 13:34:42,780 - INFO - Starting training epoch 13.
2025-03-30 13:35:25,650 - INFO - Starting validation epoch 13.
2025-03-30 13:35:33,856 - INFO - Validation epoch 13 finished.
2025-03-30 13:35:33,882 - INFO - Training epoch 13 finished.
2025-03-30 13:35:34,206 - INFO - Starting training epoch 14.
2025-03-30 13:36:17,643 - INFO - Starting validation epoch 14.
2025-03-30 13:36:25,807 - INFO - Validation epoch 14 finished.
2025-03-30 13:36:25,832 - INFO - Training epoch 14 finished.
2025-03-30 13:36:26,157 - INFO - Starting training epoch 15.
2025-03-30 13:37:09,542 - INFO - Starting validation epoch 15.
2025-03-30 13:37:17,646 - INFO - Validation epoch 15 finished.
2025-03-30 13:37:17,671 - INFO - Training epoch 15 finished.
2025-03-30 13:37:18,017 - INFO - Starting training epoch 16.
2025-03-30 13:38:01,209 - INFO - Starting validation epoch 16.
2025-03-30 13:38:09,272 - INFO - Validation epoch 16 finished.
2025-03-30 13:38:09,297 - INFO - Training epoch 16 finished.
2025-03-30 13:38:09,622 - INFO - Starting training epoch 17.
2025-03-30 13:38:52,696 - INFO - Starting validation epoch 17.
2025-03-30 13:39:00,867 - INFO - Validation epoch 17 finished.
2025-03-30 13:39:00,892 - INFO - Training epoch 17 finished.
2025-03-30 13:39:01,218 - INFO - Starting training epoch 18.
2025-03-30 13:39:44,317 - INFO - Starting validation epoch 18.
2025-03-30 13:39:52,335 - INFO - Validation epoch 18 finished.
2025-03-30 13:39:52,360 - INFO - Training epoch 18 finished.
2025-03-30 13:39:52,693 - INFO - Starting training epoch 19.
2025-03-30 13:40:35,689 - INFO - Starting validation epoch 19.
2025-03-30 13:40:43,853 - INFO - Validation epoch 19 finished.
2025-03-30 13:40:43,878 - INFO - Training epoch 19 finished.
2025-03-30 13:40:44,190 - INFO - Starting training epoch 20.
2025-03-30 13:41:27,507 - INFO - Starting validation epoch 20.
2025-03-30 13:41:35,759 - INFO - Validation epoch 20 finished.
2025-03-30 13:41:35,783 - INFO - Training epoch 20 finished.
2025-03-30 13:41:36,099 - INFO - Starting training epoch 21.
2025-03-30 13:42:19,356 - INFO - Starting validation epoch 21.
2025-03-30 13:42:27,497 - INFO - Validation epoch 21 finished.
2025-03-30 13:42:27,522 - INFO - Training epoch 21 finished.
2025-03-30 13:42:27,836 - INFO - Starting training epoch 22.
2025-03-30 13:43:11,295 - INFO - Starting validation epoch 22.
2025-03-30 13:43:19,426 - INFO - Validation epoch 22 finished.
2025-03-30 13:43:19,452 - INFO - Training epoch 22 finished.
2025-03-30 13:43:19,769 - INFO - Starting training epoch 23.
2025-03-30 13:44:03,009 - INFO - Starting validation epoch 23.
2025-03-30 13:44:11,168 - INFO - Validation epoch 23 finished.
2025-03-30 13:44:11,193 - INFO - Training epoch 23 finished.
2025-03-30 13:44:11,512 - INFO - Starting training epoch 24.
2025-03-30 13:44:54,905 - INFO - Starting validation epoch 24.
2025-03-30 13:45:03,017 - INFO - Validation epoch 24 finished.
2025-03-30 13:45:03,043 - INFO - Training epoch 24 finished.
2025-03-30 13:45:03,043 - INFO - Epoch 24: Learning Rate changed to: 0.0005
2025-03-30 13:45:03,358 - INFO - Starting training epoch 25.
2025-03-30 13:45:46,700 - INFO - Starting validation epoch 25.
2025-03-30 13:45:54,771 - INFO - Validation epoch 25 finished.
2025-03-30 13:45:54,795 - INFO - Training epoch 25 finished.
2025-03-30 13:45:55,232 - INFO - Starting training epoch 26.
2025-03-30 13:46:38,626 - INFO - Starting validation epoch 26.
2025-03-30 13:46:46,767 - INFO - Validation epoch 26 finished.
2025-03-30 13:46:46,791 - INFO - Training epoch 26 finished.
2025-03-30 13:46:47,115 - INFO - Starting training epoch 27.
2025-03-30 13:47:30,468 - INFO - Starting validation epoch 27.
2025-03-30 13:47:38,742 - INFO - Validation epoch 27 finished.
2025-03-30 13:47:38,768 - INFO - Training epoch 27 finished.
2025-03-30 13:47:39,095 - INFO - Starting training epoch 28.
2025-03-30 13:48:22,061 - INFO - Starting validation epoch 28.
2025-03-30 13:48:30,266 - INFO - Validation epoch 28 finished.
2025-03-30 13:48:30,292 - INFO - Training epoch 28 finished.
2025-03-30 13:48:30,622 - INFO - Starting training epoch 29.
2025-03-30 13:49:13,816 - INFO - Starting validation epoch 29.
2025-03-30 13:49:21,958 - INFO - Validation epoch 29 finished.
2025-03-30 13:49:21,982 - INFO - Training epoch 29 finished.
2025-03-30 13:49:22,306 - INFO - Starting training epoch 30.
2025-03-30 13:50:05,461 - INFO - Starting validation epoch 30.
2025-03-30 13:50:13,540 - INFO - Validation epoch 30 finished.
2025-03-30 13:50:13,566 - INFO - Training epoch 30 finished.
2025-03-30 13:50:13,903 - INFO - Starting training epoch 31.
2025-03-30 13:50:57,216 - INFO - Starting validation epoch 31.
2025-03-30 13:51:05,416 - INFO - Validation epoch 31 finished.
2025-03-30 13:51:05,441 - INFO - Training epoch 31 finished.
2025-03-30 13:51:05,763 - INFO - Starting training epoch 32.
2025-03-30 13:51:48,526 - INFO - Starting validation epoch 32.
2025-03-30 13:51:56,565 - INFO - Validation epoch 32 finished.
2025-03-30 13:51:56,590 - INFO - Training epoch 32 finished.
2025-03-30 13:51:56,938 - INFO - Starting training epoch 33.
2025-03-30 13:52:39,782 - INFO - Starting validation epoch 33.
2025-03-30 13:52:48,034 - INFO - Validation epoch 33 finished.
2025-03-30 13:52:48,060 - INFO - Training epoch 33 finished.
2025-03-30 13:52:48,383 - INFO - Starting training epoch 34.
2025-03-30 13:53:31,436 - INFO - Starting validation epoch 34.
2025-03-30 13:53:39,704 - INFO - Validation epoch 34 finished.
2025-03-30 13:53:39,730 - INFO - Training epoch 34 finished.
2025-03-30 13:53:40,055 - INFO - Starting training epoch 35.
2025-03-30 13:54:23,185 - INFO - Starting validation epoch 35.
2025-03-30 13:54:31,267 - INFO - Validation epoch 35 finished.
2025-03-30 13:54:31,292 - INFO - Training epoch 35 finished.
2025-03-30 13:54:31,612 - INFO - Starting training epoch 36.
2025-03-30 13:55:14,665 - INFO - Starting validation epoch 36.
2025-03-30 13:55:22,951 - INFO - Validation epoch 36 finished.
2025-03-30 13:55:22,976 - INFO - Training epoch 36 finished.
2025-03-30 13:55:23,288 - INFO - Starting training epoch 37.
2025-03-30 13:56:06,582 - INFO - Starting validation epoch 37.
2025-03-30 13:56:14,724 - INFO - Validation epoch 37 finished.
2025-03-30 13:56:14,748 - INFO - Training epoch 37 finished.
2025-03-30 13:56:14,748 - INFO - Epoch 37: Learning Rate changed to: 0.00025
2025-03-30 13:56:15,072 - INFO - Starting training epoch 38.
2025-03-30 13:56:58,233 - INFO - Starting validation epoch 38.
2025-03-30 13:57:06,297 - INFO - Validation epoch 38 finished.
2025-03-30 13:57:06,323 - INFO - Training epoch 38 finished.
2025-03-30 13:57:06,646 - INFO - Starting training epoch 39.
2025-03-30 13:57:49,602 - INFO - Starting validation epoch 39.
2025-03-30 13:57:57,627 - INFO - Validation epoch 39 finished.
2025-03-30 13:57:57,654 - INFO - Training epoch 39 finished.
2025-03-30 13:57:57,982 - INFO - Starting training epoch 40.
2025-03-30 13:58:41,160 - INFO - Starting validation epoch 40.
2025-03-30 13:58:49,334 - INFO - Validation epoch 40 finished.
2025-03-30 13:58:49,359 - INFO - Training epoch 40 finished.
2025-03-30 13:58:49,687 - INFO - Starting training epoch 41.
2025-03-30 13:59:32,911 - INFO - Starting validation epoch 41.
2025-03-30 13:59:41,054 - INFO - Validation epoch 41 finished.
2025-03-30 13:59:41,079 - INFO - Training epoch 41 finished.
2025-03-30 13:59:41,412 - INFO - Starting training epoch 42.
2025-03-30 14:00:24,822 - INFO - Starting validation epoch 42.
2025-03-30 14:00:33,108 - INFO - Validation epoch 42 finished.
2025-03-30 14:00:33,134 - INFO - Training epoch 42 finished.
2025-03-30 14:00:33,573 - INFO - Starting training epoch 43.
2025-03-30 14:01:16,442 - INFO - Starting validation epoch 43.
2025-03-30 14:01:24,613 - INFO - Validation epoch 43 finished.
2025-03-30 14:01:24,639 - INFO - Training epoch 43 finished.
2025-03-30 14:01:24,966 - INFO - Starting training epoch 44.
2025-03-30 14:02:08,186 - INFO - Starting validation epoch 44.
2025-03-30 14:02:16,224 - INFO - Validation epoch 44 finished.
2025-03-30 14:02:16,249 - INFO - Training epoch 44 finished.
2025-03-30 14:02:16,249 - INFO - Epoch 44: Learning Rate changed to: 0.000125
2025-03-30 14:02:16,565 - INFO - Starting training epoch 45.
2025-03-30 14:02:59,948 - INFO - Starting validation epoch 45.
2025-03-30 14:03:08,028 - INFO - Validation epoch 45 finished.
2025-03-30 14:03:08,054 - INFO - Training epoch 45 finished.
2025-03-30 14:03:08,370 - INFO - Starting training epoch 46.
2025-03-30 14:03:51,992 - INFO - Starting validation epoch 46.
2025-03-30 14:04:00,063 - INFO - Validation epoch 46 finished.
2025-03-30 14:04:00,089 - INFO - Training epoch 46 finished.
2025-03-30 14:04:00,411 - INFO - Starting training epoch 47.
2025-03-30 14:04:43,624 - INFO - Starting validation epoch 47.
2025-03-30 14:04:51,822 - INFO - Validation epoch 47 finished.
2025-03-30 14:04:51,845 - INFO - Training epoch 47 finished.
2025-03-30 14:04:52,165 - INFO - Starting training epoch 48.
2025-03-30 14:05:35,014 - INFO - Starting validation epoch 48.
2025-03-30 14:05:43,131 - INFO - Validation epoch 48 finished.
2025-03-30 14:05:43,155 - INFO - Training epoch 48 finished.
2025-03-30 14:06:56,437 - INFO - Model training completed.
2025-03-30 14:06:56,437 - INFO - Saving TensorBoard graphs as images...
2025-03-30 14:07:08,956 - INFO - TensorBoard graphs saved to K:\FYP\NEWexperiments\EfficientNetB0_None_all_bands_10%_BigEarthNet_50epochs\results\tensorboard_graphs.
2025-03-30 14:07:08,963 - INFO - Best Validation Metrics:
2025-03-30 14:07:08,964 - INFO -   val_acc: 0.9109610319137573 (Epoch 38)
2025-03-30 14:07:08,964 - INFO -   val_loss: 0.02156490832567215 (Epoch 38)
2025-03-30 14:07:08,964 - INFO -   val_f1: 0.5360885858535767 (Epoch 48)
2025-03-30 14:07:08,964 - INFO -   val_f2: 0.570344090461731 (Epoch 48)
2025-03-30 14:07:08,964 - INFO -   val_precision: 0.5020664930343628 (Epoch 48)
2025-03-30 14:07:08,964 - INFO -   val_recall: 0.6086958646774292 (Epoch 41)
2025-03-30 14:07:08,964 - INFO -   val_one_error: 0.052975527942180634 (Epoch 46)
2025-03-30 14:07:08,964 - INFO -   val_hamming_loss: 0.004686262924224138 (Epoch 38)
2025-03-30 14:07:08,964 - INFO -   val_avg_precision: 0.8923808932304382 (Epoch 44)
2025-03-30 14:07:08,964 - INFO - Training Time: 2662.66 seconds
2025-03-30 14:07:08,964 - INFO - Model Size: 15.39 MB
2025-03-30 14:07:08,964 - INFO - Inference Rate: 16111.36 images/second
2025-03-30 14:07:08,964 - INFO - Training completed successfully
