2025-04-05 18:57:02,356 - INFO - Using 12 input channels based on 'all_bands'.
2025-04-05 18:57:04,848 - INFO - Training VGG19 model with None weights and 'all_bands' bands on 10%_BigEarthNet.
2025-04-05 18:57:04,849 - INFO - Hyperparameters saved to K:\FYP\NEWexperiments\VGG19_None_all_bands_10%_BigEarthNet_50epochs_2\hyperparameters.txt
2025-04-05 18:57:04,876 - INFO - Model architecture saved to K:\FYP\NEWexperiments\VGG19_None_all_bands_10%_BigEarthNet_50epochs_2\VGG19.txt
2025-04-05 18:57:04,877 - INFO - Training on device: cuda
2025-04-05 18:57:04,885 - INFO - No checkpoint provided, starting training from scratch.
2025-04-05 18:57:04,885 - INFO - Starting model training...
2025-04-05 18:58:08,626 - INFO - Starting validation epoch 0.
2025-04-05 18:58:11,730 - INFO - Validation epoch 0 finished.
2025-04-05 18:59:18,059 - INFO - Starting training epoch 0.
2025-04-05 19:00:16,267 - INFO - Starting validation epoch 0.
2025-04-05 19:00:25,210 - INFO - Validation epoch 0 finished.
2025-04-05 19:00:25,232 - INFO - Training epoch 0 finished.
2025-04-05 19:00:25,232 - INFO - Initial Learning Rate: 0.001
2025-04-05 19:00:31,927 - INFO - Starting training epoch 1.
2025-04-05 19:01:29,739 - INFO - Starting validation epoch 1.
2025-04-05 19:01:38,521 - INFO - Validation epoch 1 finished.
2025-04-05 19:01:38,542 - INFO - Training epoch 1 finished.
2025-04-05 19:01:45,226 - INFO - Starting training epoch 2.
2025-04-05 19:02:43,065 - INFO - Starting validation epoch 2.
2025-04-05 19:02:51,913 - INFO - Validation epoch 2 finished.
2025-04-05 19:02:51,934 - INFO - Training epoch 2 finished.
2025-04-05 19:02:58,653 - INFO - Starting training epoch 3.
2025-04-05 19:03:56,369 - INFO - Starting validation epoch 3.
2025-04-05 19:04:05,221 - INFO - Validation epoch 3 finished.
2025-04-05 19:04:05,241 - INFO - Training epoch 3 finished.
2025-04-05 19:04:12,027 - INFO - Starting training epoch 4.
2025-04-05 19:05:10,305 - INFO - Starting validation epoch 4.
2025-04-05 19:05:19,191 - INFO - Validation epoch 4 finished.
2025-04-05 19:05:19,212 - INFO - Training epoch 4 finished.
2025-04-05 19:05:26,068 - INFO - Starting training epoch 5.
2025-04-05 19:06:24,311 - INFO - Starting validation epoch 5.
2025-04-05 19:06:33,256 - INFO - Validation epoch 5 finished.
2025-04-05 19:06:33,278 - INFO - Training epoch 5 finished.
2025-04-05 19:06:40,115 - INFO - Starting training epoch 6.
2025-04-05 19:07:37,948 - INFO - Starting validation epoch 6.
2025-04-05 19:07:46,775 - INFO - Validation epoch 6 finished.
2025-04-05 19:07:46,797 - INFO - Training epoch 6 finished.
2025-04-05 19:07:53,625 - INFO - Starting training epoch 7.
2025-04-05 19:08:51,701 - INFO - Starting validation epoch 7.
2025-04-05 19:09:00,876 - INFO - Validation epoch 7 finished.
2025-04-05 19:09:00,898 - INFO - Training epoch 7 finished.
2025-04-05 19:09:07,720 - INFO - Starting training epoch 8.
2025-04-05 19:10:06,196 - INFO - Starting validation epoch 8.
2025-04-05 19:10:15,330 - INFO - Validation epoch 8 finished.
2025-04-05 19:10:15,352 - INFO - Training epoch 8 finished.
2025-04-05 19:10:22,195 - INFO - Starting training epoch 9.
2025-04-05 19:11:20,325 - INFO - Starting validation epoch 9.
2025-04-05 19:11:29,501 - INFO - Validation epoch 9 finished.
2025-04-05 19:11:29,522 - INFO - Training epoch 9 finished.
2025-04-05 19:11:36,371 - INFO - Starting training epoch 10.
2025-04-05 19:12:34,559 - INFO - Starting validation epoch 10.
2025-04-05 19:12:43,747 - INFO - Validation epoch 10 finished.
2025-04-05 19:12:43,770 - INFO - Training epoch 10 finished.
2025-04-05 19:12:50,598 - INFO - Starting training epoch 11.
2025-04-05 19:13:49,000 - INFO - Starting validation epoch 11.
2025-04-05 19:13:58,116 - INFO - Validation epoch 11 finished.
2025-04-05 19:13:58,138 - INFO - Training epoch 11 finished.
2025-04-05 19:14:05,032 - INFO - Starting training epoch 12.
2025-04-05 19:15:03,340 - INFO - Starting validation epoch 12.
2025-04-05 19:15:12,423 - INFO - Validation epoch 12 finished.
2025-04-05 19:15:12,444 - INFO - Training epoch 12 finished.
2025-04-05 19:15:19,308 - INFO - Starting training epoch 13.
2025-04-05 19:16:17,745 - INFO - Starting validation epoch 13.
2025-04-05 19:16:26,718 - INFO - Validation epoch 13 finished.
2025-04-05 19:16:26,742 - INFO - Training epoch 13 finished.
2025-04-05 19:16:33,625 - INFO - Starting training epoch 14.
2025-04-05 19:17:31,845 - INFO - Starting validation epoch 14.
2025-04-05 19:17:40,709 - INFO - Validation epoch 14 finished.
2025-04-05 19:17:40,732 - INFO - Training epoch 14 finished.
2025-04-05 19:17:47,639 - INFO - Starting training epoch 15.
2025-04-05 19:18:45,656 - INFO - Starting validation epoch 15.
2025-04-05 19:18:54,540 - INFO - Validation epoch 15 finished.
2025-04-05 19:18:54,561 - INFO - Training epoch 15 finished.
2025-04-05 19:19:01,454 - INFO - Starting training epoch 16.
2025-04-05 19:19:59,880 - INFO - Starting validation epoch 16.
2025-04-05 19:20:08,812 - INFO - Validation epoch 16 finished.
2025-04-05 19:20:08,834 - INFO - Training epoch 16 finished.
2025-04-05 19:20:15,732 - INFO - Starting training epoch 17.
2025-04-05 19:21:14,180 - INFO - Starting validation epoch 17.
2025-04-05 19:21:23,089 - INFO - Validation epoch 17 finished.
2025-04-05 19:21:23,112 - INFO - Training epoch 17 finished.
2025-04-05 19:21:30,000 - INFO - Starting training epoch 18.
2025-04-05 19:22:27,907 - INFO - Starting validation epoch 18.
2025-04-05 19:22:36,753 - INFO - Validation epoch 18 finished.
2025-04-05 19:22:36,776 - INFO - Training epoch 18 finished.
2025-04-05 19:22:43,651 - INFO - Starting training epoch 19.
2025-04-05 19:23:41,778 - INFO - Starting validation epoch 19.
2025-04-05 19:23:50,625 - INFO - Validation epoch 19 finished.
2025-04-05 19:23:50,645 - INFO - Training epoch 19 finished.
2025-04-05 19:23:57,517 - INFO - Starting training epoch 20.
2025-04-05 19:24:55,708 - INFO - Starting validation epoch 20.
2025-04-05 19:25:04,659 - INFO - Validation epoch 20 finished.
2025-04-05 19:25:04,680 - INFO - Training epoch 20 finished.
2025-04-05 19:25:11,595 - INFO - Starting training epoch 21.
2025-04-05 19:26:09,923 - INFO - Starting validation epoch 21.
2025-04-05 19:26:18,933 - INFO - Validation epoch 21 finished.
2025-04-05 19:26:18,955 - INFO - Training epoch 21 finished.
2025-04-05 19:26:25,876 - INFO - Starting training epoch 22.
2025-04-05 19:27:23,899 - INFO - Starting validation epoch 22.
2025-04-05 19:27:32,937 - INFO - Validation epoch 22 finished.
2025-04-05 19:27:32,958 - INFO - Training epoch 22 finished.
2025-04-05 19:27:39,852 - INFO - Starting training epoch 23.
2025-04-05 19:28:38,502 - INFO - Starting validation epoch 23.
2025-04-05 19:28:47,441 - INFO - Validation epoch 23 finished.
2025-04-05 19:28:47,463 - INFO - Training epoch 23 finished.
2025-04-05 19:28:54,407 - INFO - Starting training epoch 24.
2025-04-05 19:29:53,009 - INFO - Starting validation epoch 24.
2025-04-05 19:30:01,972 - INFO - Validation epoch 24 finished.
2025-04-05 19:30:01,994 - INFO - Training epoch 24 finished.
2025-04-05 19:30:08,966 - INFO - Starting training epoch 25.
2025-04-05 19:31:07,224 - INFO - Starting validation epoch 25.
2025-04-05 19:31:16,072 - INFO - Validation epoch 25 finished.
2025-04-05 19:31:16,093 - INFO - Training epoch 25 finished.
2025-04-05 19:31:22,973 - INFO - Starting training epoch 26.
2025-04-05 19:32:20,831 - INFO - Starting validation epoch 26.
2025-04-05 19:32:29,829 - INFO - Validation epoch 26 finished.
2025-04-05 19:32:29,851 - INFO - Training epoch 26 finished.
2025-04-05 19:32:36,763 - INFO - Starting training epoch 27.
2025-04-05 19:33:35,182 - INFO - Starting validation epoch 27.
2025-04-05 19:33:44,203 - INFO - Validation epoch 27 finished.
2025-04-05 19:33:44,224 - INFO - Training epoch 27 finished.
2025-04-05 19:33:51,107 - INFO - Starting training epoch 28.
2025-04-05 19:34:49,205 - INFO - Starting validation epoch 28.
2025-04-05 19:34:58,381 - INFO - Validation epoch 28 finished.
2025-04-05 19:34:58,402 - INFO - Training epoch 28 finished.
2025-04-05 19:35:05,353 - INFO - Starting training epoch 29.
2025-04-05 19:36:03,639 - INFO - Starting validation epoch 29.
2025-04-05 19:36:12,766 - INFO - Validation epoch 29 finished.
2025-04-05 19:36:12,789 - INFO - Training epoch 29 finished.
2025-04-05 19:36:19,643 - INFO - Starting training epoch 30.
2025-04-05 19:37:17,752 - INFO - Starting validation epoch 30.
2025-04-05 19:37:26,655 - INFO - Validation epoch 30 finished.
2025-04-05 19:37:26,677 - INFO - Training epoch 30 finished.
2025-04-05 19:37:33,613 - INFO - Starting training epoch 31.
2025-04-05 19:38:32,108 - INFO - Starting validation epoch 31.
2025-04-05 19:38:40,989 - INFO - Validation epoch 31 finished.
2025-04-05 19:38:41,012 - INFO - Training epoch 31 finished.
2025-04-05 19:38:47,993 - INFO - Starting training epoch 32.
2025-04-05 19:39:46,077 - INFO - Starting validation epoch 32.
2025-04-05 19:39:55,179 - INFO - Validation epoch 32 finished.
2025-04-05 19:39:55,203 - INFO - Training epoch 32 finished.
2025-04-05 19:40:02,190 - INFO - Starting training epoch 33.
2025-04-05 19:41:00,515 - INFO - Starting validation epoch 33.
2025-04-05 19:41:09,711 - INFO - Validation epoch 33 finished.
2025-04-05 19:41:09,733 - INFO - Training epoch 33 finished.
2025-04-05 19:41:16,665 - INFO - Starting training epoch 34.
2025-04-05 19:42:14,807 - INFO - Starting validation epoch 34.
2025-04-05 19:42:23,882 - INFO - Validation epoch 34 finished.
2025-04-05 19:42:23,904 - INFO - Training epoch 34 finished.
2025-04-05 19:42:30,820 - INFO - Starting training epoch 35.
2025-04-05 19:43:29,489 - INFO - Starting validation epoch 35.
2025-04-05 19:43:38,634 - INFO - Validation epoch 35 finished.
2025-04-05 19:43:38,656 - INFO - Training epoch 35 finished.
2025-04-05 19:43:45,672 - INFO - Starting training epoch 36.
2025-04-05 19:44:44,053 - INFO - Starting validation epoch 36.
2025-04-05 19:44:53,001 - INFO - Validation epoch 36 finished.
2025-04-05 19:44:53,023 - INFO - Training epoch 36 finished.
2025-04-05 19:44:59,907 - INFO - Starting training epoch 37.
2025-04-05 19:45:58,348 - INFO - Starting validation epoch 37.
2025-04-05 19:46:07,365 - INFO - Validation epoch 37 finished.
2025-04-05 19:46:07,386 - INFO - Training epoch 37 finished.
2025-04-05 19:46:14,230 - INFO - Starting training epoch 38.
2025-04-05 19:47:12,696 - INFO - Starting validation epoch 38.
2025-04-05 19:47:21,671 - INFO - Validation epoch 38 finished.
2025-04-05 19:47:21,693 - INFO - Training epoch 38 finished.
2025-04-05 19:47:28,630 - INFO - Starting training epoch 39.
2025-04-05 19:48:26,848 - INFO - Starting validation epoch 39.
2025-04-05 19:48:36,006 - INFO - Validation epoch 39 finished.
2025-04-05 19:48:36,032 - INFO - Training epoch 39 finished.
2025-04-05 19:48:42,870 - INFO - Starting training epoch 40.
2025-04-05 19:49:40,868 - INFO - Starting validation epoch 40.
2025-04-05 19:49:49,908 - INFO - Validation epoch 40 finished.
2025-04-05 19:49:49,929 - INFO - Training epoch 40 finished.
2025-04-05 19:49:56,826 - INFO - Starting training epoch 41.
2025-04-05 19:50:55,040 - INFO - Starting validation epoch 41.
2025-04-05 19:51:04,064 - INFO - Validation epoch 41 finished.
2025-04-05 19:51:04,085 - INFO - Training epoch 41 finished.
2025-04-05 19:51:10,958 - INFO - Starting training epoch 42.
2025-04-05 19:52:09,375 - INFO - Starting validation epoch 42.
2025-04-05 19:52:18,589 - INFO - Validation epoch 42 finished.
2025-04-05 19:52:18,611 - INFO - Training epoch 42 finished.
2025-04-05 19:52:18,611 - INFO - Epoch 42: Learning Rate changed to: 0.0005
2025-04-05 19:52:25,493 - INFO - Starting training epoch 43.
2025-04-05 19:53:23,873 - INFO - Starting validation epoch 43.
2025-04-05 19:53:32,903 - INFO - Validation epoch 43 finished.
2025-04-05 19:53:32,925 - INFO - Training epoch 43 finished.
2025-04-05 19:53:39,780 - INFO - Starting training epoch 44.
2025-04-05 19:54:37,880 - INFO - Starting validation epoch 44.
2025-04-05 19:54:46,726 - INFO - Validation epoch 44 finished.
2025-04-05 19:54:46,748 - INFO - Training epoch 44 finished.
2025-04-05 19:54:53,670 - INFO - Starting training epoch 45.
2025-04-05 19:55:51,949 - INFO - Starting validation epoch 45.
2025-04-05 19:56:00,908 - INFO - Validation epoch 45 finished.
2025-04-05 19:56:00,930 - INFO - Training epoch 45 finished.
2025-04-05 19:56:07,850 - INFO - Starting training epoch 46.
2025-04-05 19:57:05,981 - INFO - Starting validation epoch 46.
2025-04-05 19:57:14,955 - INFO - Validation epoch 46 finished.
2025-04-05 19:57:14,977 - INFO - Training epoch 46 finished.
2025-04-05 19:57:21,935 - INFO - Starting training epoch 47.
2025-04-05 19:58:20,413 - INFO - Starting validation epoch 47.
2025-04-05 19:58:29,421 - INFO - Validation epoch 47 finished.
2025-04-05 19:58:29,442 - INFO - Training epoch 47 finished.
2025-04-05 19:58:36,319 - INFO - Starting training epoch 48.
2025-04-05 19:59:34,826 - INFO - Starting validation epoch 48.
2025-04-05 19:59:44,040 - INFO - Validation epoch 48 finished.
2025-04-05 19:59:44,061 - INFO - Training epoch 48 finished.
2025-04-05 19:59:50,918 - INFO - Starting training epoch 49.
2025-04-05 20:00:49,239 - INFO - Starting validation epoch 49.
2025-04-05 20:00:58,273 - INFO - Validation epoch 49 finished.
2025-04-05 20:00:58,294 - INFO - Training epoch 49 finished.
2025-04-05 20:02:17,830 - INFO - Model training completed.
2025-04-05 20:02:17,830 - INFO - Saving TensorBoard graphs as images...
2025-04-05 20:02:30,285 - INFO - TensorBoard graphs saved to K:\FYP\NEWexperiments\VGG19_None_all_bands_10%_BigEarthNet_50epochs_2\results\tensorboard_graphs.
2025-04-05 20:02:30,293 - INFO - Best Validation Metrics:
2025-04-05 20:02:30,293 - INFO -   val_acc: 0.8722338676452637 (Epoch 49)
2025-04-05 20:02:30,293 - INFO -   val_loss: 0.027065202593803406 (Epoch 48)
2025-04-05 20:02:30,293 - INFO -   val_f1: 0.437877357006073 (Epoch 49)
2025-04-05 20:02:30,293 - INFO -   val_f2: 0.48463594913482666 (Epoch 48)
2025-04-05 20:02:30,293 - INFO -   val_precision: 0.4006309509277344 (Epoch 49)
2025-04-05 20:02:30,293 - INFO -   val_recall: 0.5406165719032288 (Epoch 48)
2025-04-05 20:02:30,293 - INFO -   val_one_error: 0.13250833749771118 (Epoch 49)
2025-04-05 20:02:30,293 - INFO -   val_hamming_loss: 0.12776625156402588 (Epoch 49)
2025-04-05 20:02:30,293 - INFO -   val_avg_precision: 0.8210351467132568 (Epoch 49)
2025-04-05 20:02:30,293 - INFO - Training Time: 3840.00 seconds
2025-04-05 20:02:30,293 - INFO - Model Size: 532.73 MB
2025-04-05 20:02:30,293 - INFO - Inference Rate: 3749.49 images/second
2025-04-05 20:02:30,293 - INFO - Training completed successfully
