2025-03-30 12:36:40,767 - INFO - Using 12 input channels based on 'all_bands'.
2025-03-30 12:38:28,346 - INFO - Training DenseNet121 model with None weights and 'all_bands' bands on 10%_BigEarthNet.
2025-03-30 12:38:28,347 - INFO - Hyperparameters saved to K:\FYP\NEWexperiments\DenseNet121_None_all_bands_10%_BigEarthNet_50epochs\hyperparameters.txt
2025-03-30 12:38:28,399 - INFO - Model architecture saved to K:\FYP\NEWexperiments\DenseNet121_None_all_bands_10%_BigEarthNet_50epochs\DenseNet121.txt
2025-03-30 12:38:28,400 - INFO - Training on device: cuda
2025-03-30 12:38:28,408 - INFO - No checkpoint provided, starting training from scratch.
2025-03-30 12:38:28,408 - INFO - Starting model training...
2025-03-30 12:39:34,111 - INFO - Starting validation epoch 0.
2025-03-30 12:39:36,923 - INFO - Validation epoch 0 finished.
2025-03-30 12:40:44,621 - INFO - Starting training epoch 0.
2025-03-30 12:41:33,314 - INFO - Starting validation epoch 0.
2025-03-30 12:41:41,670 - INFO - Validation epoch 0 finished.
2025-03-30 12:41:41,694 - INFO - Training epoch 0 finished.
2025-03-30 12:41:41,694 - INFO - Initial Learning Rate: 0.001
2025-03-30 12:41:42,243 - INFO - Starting training epoch 1.
2025-03-30 12:42:30,229 - INFO - Starting validation epoch 1.
2025-03-30 12:42:38,752 - INFO - Validation epoch 1 finished.
2025-03-30 12:42:38,776 - INFO - Training epoch 1 finished.
2025-03-30 12:42:39,317 - INFO - Starting training epoch 2.
2025-03-30 12:43:26,958 - INFO - Starting validation epoch 2.
2025-03-30 12:43:35,397 - INFO - Validation epoch 2 finished.
2025-03-30 12:43:35,421 - INFO - Training epoch 2 finished.
2025-03-30 12:43:35,965 - INFO - Starting training epoch 3.
2025-03-30 12:44:24,042 - INFO - Starting validation epoch 3.
2025-03-30 12:44:32,517 - INFO - Validation epoch 3 finished.
2025-03-30 12:44:32,544 - INFO - Training epoch 3 finished.
2025-03-30 12:44:33,081 - INFO - Starting training epoch 4.
2025-03-30 12:45:21,109 - INFO - Starting validation epoch 4.
2025-03-30 12:45:29,556 - INFO - Validation epoch 4 finished.
2025-03-30 12:45:29,582 - INFO - Training epoch 4 finished.
2025-03-30 12:45:30,139 - INFO - Starting training epoch 5.
2025-03-30 12:46:18,144 - INFO - Starting validation epoch 5.
2025-03-30 12:46:26,566 - INFO - Validation epoch 5 finished.
2025-03-30 12:46:26,591 - INFO - Training epoch 5 finished.
2025-03-30 12:46:27,143 - INFO - Starting training epoch 6.
2025-03-30 12:47:15,282 - INFO - Starting validation epoch 6.
2025-03-30 12:47:23,680 - INFO - Validation epoch 6 finished.
2025-03-30 12:47:23,706 - INFO - Training epoch 6 finished.
2025-03-30 12:47:24,262 - INFO - Starting training epoch 7.
2025-03-30 12:48:12,048 - INFO - Starting validation epoch 7.
2025-03-30 12:48:20,437 - INFO - Validation epoch 7 finished.
2025-03-30 12:48:20,463 - INFO - Training epoch 7 finished.
2025-03-30 12:48:21,009 - INFO - Starting training epoch 8.
2025-03-30 12:49:09,227 - INFO - Starting validation epoch 8.
2025-03-30 12:49:17,795 - INFO - Validation epoch 8 finished.
2025-03-30 12:49:17,821 - INFO - Training epoch 8 finished.
2025-03-30 12:49:18,367 - INFO - Starting training epoch 9.
2025-03-30 12:50:06,347 - INFO - Starting validation epoch 9.
2025-03-30 12:50:14,656 - INFO - Validation epoch 9 finished.
2025-03-30 12:50:14,680 - INFO - Training epoch 9 finished.
2025-03-30 12:50:15,230 - INFO - Starting training epoch 10.
2025-03-30 12:51:03,277 - INFO - Starting validation epoch 10.
2025-03-30 12:51:11,874 - INFO - Validation epoch 10 finished.
2025-03-30 12:51:11,899 - INFO - Training epoch 10 finished.
2025-03-30 12:51:12,434 - INFO - Starting training epoch 11.
2025-03-30 12:52:00,547 - INFO - Starting validation epoch 11.
2025-03-30 12:52:08,939 - INFO - Validation epoch 11 finished.
2025-03-30 12:52:08,965 - INFO - Training epoch 11 finished.
2025-03-30 12:52:09,512 - INFO - Starting training epoch 12.
2025-03-30 12:52:57,622 - INFO - Starting validation epoch 12.
2025-03-30 12:53:06,114 - INFO - Validation epoch 12 finished.
2025-03-30 12:53:06,146 - INFO - Training epoch 12 finished.
2025-03-30 12:53:06,681 - INFO - Starting training epoch 13.
2025-03-30 12:53:54,662 - INFO - Starting validation epoch 13.
2025-03-30 12:54:03,087 - INFO - Validation epoch 13 finished.
2025-03-30 12:54:03,113 - INFO - Training epoch 13 finished.
2025-03-30 12:54:03,671 - INFO - Starting training epoch 14.
2025-03-30 12:54:51,730 - INFO - Starting validation epoch 14.
2025-03-30 12:55:00,290 - INFO - Validation epoch 14 finished.
2025-03-30 12:55:00,315 - INFO - Training epoch 14 finished.
2025-03-30 12:55:00,981 - INFO - Starting training epoch 15.
2025-03-30 12:55:48,898 - INFO - Starting validation epoch 15.
2025-03-30 12:55:57,348 - INFO - Validation epoch 15 finished.
2025-03-30 12:55:57,375 - INFO - Training epoch 15 finished.
2025-03-30 12:55:57,920 - INFO - Starting training epoch 16.
2025-03-30 12:56:46,299 - INFO - Starting validation epoch 16.
2025-03-30 12:56:54,627 - INFO - Validation epoch 16 finished.
2025-03-30 12:56:54,652 - INFO - Training epoch 16 finished.
2025-03-30 12:56:55,198 - INFO - Starting training epoch 17.
2025-03-30 12:57:43,297 - INFO - Starting validation epoch 17.
2025-03-30 12:57:51,661 - INFO - Validation epoch 17 finished.
2025-03-30 12:57:51,689 - INFO - Training epoch 17 finished.
2025-03-30 12:57:52,239 - INFO - Starting training epoch 18.
2025-03-30 12:58:40,275 - INFO - Starting validation epoch 18.
2025-03-30 12:58:48,713 - INFO - Validation epoch 18 finished.
2025-03-30 12:58:48,737 - INFO - Training epoch 18 finished.
2025-03-30 12:58:49,287 - INFO - Starting training epoch 19.
2025-03-30 12:59:36,971 - INFO - Starting validation epoch 19.
2025-03-30 12:59:45,404 - INFO - Validation epoch 19 finished.
2025-03-30 12:59:45,430 - INFO - Training epoch 19 finished.
2025-03-30 12:59:45,430 - INFO - Epoch 19: Learning Rate changed to: 0.0005
2025-03-30 12:59:45,976 - INFO - Starting training epoch 20.
2025-03-30 13:00:33,942 - INFO - Starting validation epoch 20.
2025-03-30 13:00:42,349 - INFO - Validation epoch 20 finished.
2025-03-30 13:00:42,374 - INFO - Training epoch 20 finished.
2025-03-30 13:00:42,920 - INFO - Starting training epoch 21.
2025-03-30 13:01:30,870 - INFO - Starting validation epoch 21.
2025-03-30 13:01:39,331 - INFO - Validation epoch 21 finished.
2025-03-30 13:01:39,355 - INFO - Training epoch 21 finished.
2025-03-30 13:01:39,911 - INFO - Starting training epoch 22.
2025-03-30 13:02:28,432 - INFO - Starting validation epoch 22.
2025-03-30 13:02:36,919 - INFO - Validation epoch 22 finished.
2025-03-30 13:02:36,943 - INFO - Training epoch 22 finished.
2025-03-30 13:02:37,489 - INFO - Starting training epoch 23.
2025-03-30 13:03:25,335 - INFO - Starting validation epoch 23.
2025-03-30 13:03:33,876 - INFO - Validation epoch 23 finished.
2025-03-30 13:03:33,899 - INFO - Training epoch 23 finished.
2025-03-30 13:03:34,441 - INFO - Starting training epoch 24.
2025-03-30 13:04:22,634 - INFO - Starting validation epoch 24.
2025-03-30 13:04:31,048 - INFO - Validation epoch 24 finished.
2025-03-30 13:04:31,072 - INFO - Training epoch 24 finished.
2025-03-30 13:04:31,601 - INFO - Starting training epoch 25.
2025-03-30 13:05:19,489 - INFO - Starting validation epoch 25.
2025-03-30 13:05:27,992 - INFO - Validation epoch 25 finished.
2025-03-30 13:05:28,018 - INFO - Training epoch 25 finished.
2025-03-30 13:05:28,561 - INFO - Starting training epoch 26.
2025-03-30 13:06:16,934 - INFO - Starting validation epoch 26.
2025-03-30 13:06:25,266 - INFO - Validation epoch 26 finished.
2025-03-30 13:06:25,292 - INFO - Training epoch 26 finished.
2025-03-30 13:06:25,841 - INFO - Starting training epoch 27.
2025-03-30 13:07:14,235 - INFO - Starting validation epoch 27.
2025-03-30 13:07:22,687 - INFO - Validation epoch 27 finished.
2025-03-30 13:07:22,712 - INFO - Training epoch 27 finished.
2025-03-30 13:07:23,237 - INFO - Starting training epoch 28.
2025-03-30 13:08:11,467 - INFO - Starting validation epoch 28.
2025-03-30 13:08:20,091 - INFO - Validation epoch 28 finished.
2025-03-30 13:08:20,116 - INFO - Training epoch 28 finished.
2025-03-30 13:08:20,701 - INFO - Starting training epoch 29.
2025-03-30 13:09:08,715 - INFO - Starting validation epoch 29.
2025-03-30 13:09:17,157 - INFO - Validation epoch 29 finished.
2025-03-30 13:09:17,183 - INFO - Training epoch 29 finished.
2025-03-30 13:09:17,743 - INFO - Starting training epoch 30.
2025-03-30 13:10:05,732 - INFO - Starting validation epoch 30.
2025-03-30 13:10:14,134 - INFO - Validation epoch 30 finished.
2025-03-30 13:10:14,160 - INFO - Training epoch 30 finished.
2025-03-30 13:10:14,160 - INFO - Epoch 30: Learning Rate changed to: 0.00025
2025-03-30 13:10:14,703 - INFO - Starting training epoch 31.
2025-03-30 13:11:02,609 - INFO - Starting validation epoch 31.
2025-03-30 13:11:10,887 - INFO - Validation epoch 31 finished.
2025-03-30 13:11:10,911 - INFO - Training epoch 31 finished.
2025-03-30 13:11:11,568 - INFO - Starting training epoch 32.
2025-03-30 13:11:59,478 - INFO - Starting validation epoch 32.
2025-03-30 13:12:07,622 - INFO - Validation epoch 32 finished.
2025-03-30 13:12:07,649 - INFO - Training epoch 32 finished.
2025-03-30 13:12:08,195 - INFO - Starting training epoch 33.
2025-03-30 13:12:56,130 - INFO - Starting validation epoch 33.
2025-03-30 13:13:04,705 - INFO - Validation epoch 33 finished.
2025-03-30 13:13:04,730 - INFO - Training epoch 33 finished.
2025-03-30 13:13:05,267 - INFO - Starting training epoch 34.
2025-03-30 13:13:53,679 - INFO - Starting validation epoch 34.
2025-03-30 13:14:02,035 - INFO - Validation epoch 34 finished.
2025-03-30 13:14:02,061 - INFO - Training epoch 34 finished.
2025-03-30 13:14:02,734 - INFO - Starting training epoch 35.
2025-03-30 13:14:50,703 - INFO - Starting validation epoch 35.
2025-03-30 13:14:59,059 - INFO - Validation epoch 35 finished.
2025-03-30 13:14:59,085 - INFO - Training epoch 35 finished.
2025-03-30 13:14:59,622 - INFO - Starting training epoch 36.
2025-03-30 13:15:47,421 - INFO - Starting validation epoch 36.
2025-03-30 13:15:55,940 - INFO - Validation epoch 36 finished.
2025-03-30 13:15:55,965 - INFO - Training epoch 36 finished.
2025-03-30 13:15:55,965 - INFO - Epoch 36: Learning Rate changed to: 0.000125
2025-03-30 13:15:56,509 - INFO - Starting training epoch 37.
2025-03-30 13:16:44,602 - INFO - Starting validation epoch 37.
2025-03-30 13:16:52,987 - INFO - Validation epoch 37 finished.
2025-03-30 13:16:53,013 - INFO - Training epoch 37 finished.
2025-03-30 13:16:53,562 - INFO - Starting training epoch 38.
2025-03-30 13:17:41,288 - INFO - Starting validation epoch 38.
2025-03-30 13:17:49,680 - INFO - Validation epoch 38 finished.
2025-03-30 13:17:49,705 - INFO - Training epoch 38 finished.
2025-03-30 13:17:50,262 - INFO - Starting training epoch 39.
2025-03-30 13:18:38,554 - INFO - Starting validation epoch 39.
2025-03-30 13:18:46,818 - INFO - Validation epoch 39 finished.
2025-03-30 13:18:46,843 - INFO - Training epoch 39 finished.
2025-03-30 13:18:47,390 - INFO - Starting training epoch 40.
2025-03-30 13:19:35,580 - INFO - Starting validation epoch 40.
2025-03-30 13:19:43,990 - INFO - Validation epoch 40 finished.
2025-03-30 13:19:44,015 - INFO - Training epoch 40 finished.
2025-03-30 13:20:57,419 - INFO - Model training completed.
2025-03-30 13:20:57,420 - INFO - Saving TensorBoard graphs as images...
2025-03-30 13:21:08,432 - INFO - TensorBoard graphs saved to K:\FYP\NEWexperiments\DenseNet121_None_all_bands_10%_BigEarthNet_50epochs\results\tensorboard_graphs.
2025-03-30 13:21:08,440 - INFO - Best Validation Metrics:
2025-03-30 13:21:08,440 - INFO -   val_acc: 0.9112536311149597 (Epoch 39)
2025-03-30 13:21:08,441 - INFO -   val_loss: 0.022117597982287407 (Epoch 30)
2025-03-30 13:21:08,441 - INFO -   val_f1: 0.536470353603363 (Epoch 40)
2025-03-30 13:21:08,441 - INFO -   val_f2: 0.5709863901138306 (Epoch 34)
2025-03-30 13:21:08,441 - INFO -   val_precision: 0.5075274109840393 (Epoch 36)
2025-03-30 13:21:08,441 - INFO -   val_recall: 0.6137802004814148 (Epoch 31)
2025-03-30 13:21:08,441 - INFO -   val_one_error: 0.052419353276491165 (Epoch 39)
2025-03-30 13:21:08,441 - INFO -   val_hamming_loss: 0.004670856520533562 (Epoch 39)
2025-03-30 13:21:08,441 - INFO -   val_avg_precision: 0.8892108201980591 (Epoch 39)
2025-03-30 13:21:08,441 - INFO - Training Time: 2475.91 seconds
2025-03-30 13:21:08,441 - INFO - Model Size: 26.71 MB
2025-03-30 13:21:08,441 - INFO - Inference Rate: 6892.86 images/second
2025-03-30 13:21:08,441 - INFO - Training completed successfully
