2025-03-30 09:09:44,449 - INFO - Using 12 input channels based on 'all_bands'.
2025-03-30 09:09:46,626 - INFO - Training CustomModelV9 model with None weights and 'all_bands' bands on 10%_BigEarthNet.
2025-03-30 09:09:46,627 - INFO - Hyperparameters saved to K:\FYP\NEWexperiments\CustomModelV9_None_all_bands_10%_BigEarthNet_50epochs\hyperparameters.txt
2025-03-30 09:09:46,891 - INFO - Model architecture saved to K:\FYP\NEWexperiments\CustomModelV9_None_all_bands_10%_BigEarthNet_50epochs\CustomModelV9.txt
2025-03-30 09:09:46,891 - INFO - Training on device: cuda
2025-03-30 09:09:46,901 - INFO - No checkpoint provided, starting training from scratch.
2025-03-30 09:09:46,902 - INFO - Starting model training...
2025-03-30 09:10:53,519 - INFO - Starting validation epoch 0.
2025-03-30 09:10:56,730 - INFO - Validation epoch 0 finished.
2025-03-30 09:12:04,396 - INFO - Starting training epoch 0.
2025-03-30 09:13:03,279 - INFO - Starting validation epoch 0.
2025-03-30 09:13:12,155 - INFO - Validation epoch 0 finished.
2025-03-30 09:13:12,179 - INFO - Training epoch 0 finished.
2025-03-30 09:13:12,179 - INFO - Initial Learning Rate: 0.001
2025-03-30 09:13:12,319 - INFO - Starting training epoch 1.
2025-03-30 09:14:09,927 - INFO - Starting validation epoch 1.
2025-03-30 09:14:18,699 - INFO - Validation epoch 1 finished.
2025-03-30 09:14:18,723 - INFO - Training epoch 1 finished.
2025-03-30 09:14:18,858 - INFO - Starting training epoch 2.
2025-03-30 09:15:15,651 - INFO - Starting validation epoch 2.
2025-03-30 09:15:24,487 - INFO - Validation epoch 2 finished.
2025-03-30 09:15:24,512 - INFO - Training epoch 2 finished.
2025-03-30 09:15:24,644 - INFO - Starting training epoch 3.
2025-03-30 09:16:21,903 - INFO - Starting validation epoch 3.
2025-03-30 09:16:30,511 - INFO - Validation epoch 3 finished.
2025-03-30 09:16:30,536 - INFO - Training epoch 3 finished.
2025-03-30 09:16:30,671 - INFO - Starting training epoch 4.
2025-03-30 09:17:28,834 - INFO - Starting validation epoch 4.
2025-03-30 09:17:37,583 - INFO - Validation epoch 4 finished.
2025-03-30 09:17:37,607 - INFO - Training epoch 4 finished.
2025-03-30 09:17:37,740 - INFO - Starting training epoch 5.
2025-03-30 09:18:35,045 - INFO - Starting validation epoch 5.
2025-03-30 09:18:43,818 - INFO - Validation epoch 5 finished.
2025-03-30 09:18:43,844 - INFO - Training epoch 5 finished.
2025-03-30 09:18:43,983 - INFO - Starting training epoch 6.
2025-03-30 09:19:41,004 - INFO - Starting validation epoch 6.
2025-03-30 09:19:49,822 - INFO - Validation epoch 6 finished.
2025-03-30 09:19:49,848 - INFO - Training epoch 6 finished.
2025-03-30 09:19:49,981 - INFO - Starting training epoch 7.
2025-03-30 09:20:47,252 - INFO - Starting validation epoch 7.
2025-03-30 09:20:56,125 - INFO - Validation epoch 7 finished.
2025-03-30 09:20:56,148 - INFO - Training epoch 7 finished.
2025-03-30 09:20:56,279 - INFO - Starting training epoch 8.
2025-03-30 09:21:54,458 - INFO - Starting validation epoch 8.
2025-03-30 09:22:03,046 - INFO - Validation epoch 8 finished.
2025-03-30 09:22:03,069 - INFO - Training epoch 8 finished.
2025-03-30 09:22:03,199 - INFO - Starting training epoch 9.
2025-03-30 09:23:01,374 - INFO - Starting validation epoch 9.
2025-03-30 09:23:09,940 - INFO - Validation epoch 9 finished.
2025-03-30 09:23:09,963 - INFO - Training epoch 9 finished.
2025-03-30 09:23:10,095 - INFO - Starting training epoch 10.
2025-03-30 09:24:07,655 - INFO - Starting validation epoch 10.
2025-03-30 09:24:16,577 - INFO - Validation epoch 10 finished.
2025-03-30 09:24:16,603 - INFO - Training epoch 10 finished.
2025-03-30 09:24:16,740 - INFO - Starting training epoch 11.
2025-03-30 09:25:14,364 - INFO - Starting validation epoch 11.
2025-03-30 09:25:22,951 - INFO - Validation epoch 11 finished.
2025-03-30 09:25:22,977 - INFO - Training epoch 11 finished.
2025-03-30 09:25:23,112 - INFO - Starting training epoch 12.
2025-03-30 09:26:20,272 - INFO - Starting validation epoch 12.
2025-03-30 09:26:29,108 - INFO - Validation epoch 12 finished.
2025-03-30 09:26:29,133 - INFO - Training epoch 12 finished.
2025-03-30 09:26:29,265 - INFO - Starting training epoch 13.
2025-03-30 09:27:27,439 - INFO - Starting validation epoch 13.
2025-03-30 09:27:36,338 - INFO - Validation epoch 13 finished.
2025-03-30 09:27:36,362 - INFO - Training epoch 13 finished.
2025-03-30 09:27:36,494 - INFO - Starting training epoch 14.
2025-03-30 09:28:33,962 - INFO - Starting validation epoch 14.
2025-03-30 09:28:42,707 - INFO - Validation epoch 14 finished.
2025-03-30 09:28:42,732 - INFO - Training epoch 14 finished.
2025-03-30 09:28:42,865 - INFO - Starting training epoch 15.
2025-03-30 09:29:40,613 - INFO - Starting validation epoch 15.
2025-03-30 09:29:49,466 - INFO - Validation epoch 15 finished.
2025-03-30 09:29:49,492 - INFO - Training epoch 15 finished.
2025-03-30 09:29:49,626 - INFO - Starting training epoch 16.
2025-03-30 09:30:46,678 - INFO - Starting validation epoch 16.
2025-03-30 09:30:55,326 - INFO - Validation epoch 16 finished.
2025-03-30 09:30:55,351 - INFO - Training epoch 16 finished.
2025-03-30 09:30:55,602 - INFO - Starting training epoch 17.
2025-03-30 09:31:53,764 - INFO - Starting validation epoch 17.
2025-03-30 09:32:02,397 - INFO - Validation epoch 17 finished.
2025-03-30 09:32:02,422 - INFO - Training epoch 17 finished.
2025-03-30 09:32:02,560 - INFO - Starting training epoch 18.
2025-03-30 09:32:59,617 - INFO - Starting validation epoch 18.
2025-03-30 09:33:08,388 - INFO - Validation epoch 18 finished.
2025-03-30 09:33:08,412 - INFO - Training epoch 18 finished.
2025-03-30 09:33:08,548 - INFO - Starting training epoch 19.
2025-03-30 09:34:05,839 - INFO - Starting validation epoch 19.
2025-03-30 09:34:14,482 - INFO - Validation epoch 19 finished.
2025-03-30 09:34:14,509 - INFO - Training epoch 19 finished.
2025-03-30 09:34:14,641 - INFO - Starting training epoch 20.
2025-03-30 09:35:12,647 - INFO - Starting validation epoch 20.
2025-03-30 09:35:21,562 - INFO - Validation epoch 20 finished.
2025-03-30 09:35:21,587 - INFO - Training epoch 20 finished.
2025-03-30 09:35:21,722 - INFO - Starting training epoch 21.
2025-03-30 09:36:18,694 - INFO - Starting validation epoch 21.
2025-03-30 09:36:27,168 - INFO - Validation epoch 21 finished.
2025-03-30 09:36:27,192 - INFO - Training epoch 21 finished.
2025-03-30 09:36:27,324 - INFO - Starting training epoch 22.
2025-03-30 09:37:25,382 - INFO - Starting validation epoch 22.
2025-03-30 09:37:34,078 - INFO - Validation epoch 22 finished.
2025-03-30 09:37:34,102 - INFO - Training epoch 22 finished.
2025-03-30 09:37:34,246 - INFO - Starting training epoch 23.
2025-03-30 09:38:31,248 - INFO - Starting validation epoch 23.
2025-03-30 09:38:40,067 - INFO - Validation epoch 23 finished.
2025-03-30 09:38:40,093 - INFO - Training epoch 23 finished.
2025-03-30 09:38:40,226 - INFO - Starting training epoch 24.
2025-03-30 09:39:37,739 - INFO - Starting validation epoch 24.
2025-03-30 09:39:46,674 - INFO - Validation epoch 24 finished.
2025-03-30 09:39:46,703 - INFO - Training epoch 24 finished.
2025-03-30 09:39:46,845 - INFO - Starting training epoch 25.
2025-03-30 09:40:44,294 - INFO - Starting validation epoch 25.
2025-03-30 09:40:52,991 - INFO - Validation epoch 25 finished.
2025-03-30 09:40:53,016 - INFO - Training epoch 25 finished.
2025-03-30 09:40:53,150 - INFO - Starting training epoch 26.
2025-03-30 09:41:50,890 - INFO - Starting validation epoch 26.
2025-03-30 09:41:59,798 - INFO - Validation epoch 26 finished.
2025-03-30 09:41:59,828 - INFO - Training epoch 26 finished.
2025-03-30 09:41:59,966 - INFO - Starting training epoch 27.
2025-03-30 09:42:57,331 - INFO - Starting validation epoch 27.
2025-03-30 09:43:05,820 - INFO - Validation epoch 27 finished.
2025-03-30 09:43:05,844 - INFO - Training epoch 27 finished.
2025-03-30 09:43:05,978 - INFO - Starting training epoch 28.
2025-03-30 09:44:03,359 - INFO - Starting validation epoch 28.
2025-03-30 09:44:12,077 - INFO - Validation epoch 28 finished.
2025-03-30 09:44:12,103 - INFO - Training epoch 28 finished.
2025-03-30 09:44:12,239 - INFO - Starting training epoch 29.
2025-03-30 09:45:09,114 - INFO - Starting validation epoch 29.
2025-03-30 09:45:17,908 - INFO - Validation epoch 29 finished.
2025-03-30 09:45:17,934 - INFO - Training epoch 29 finished.
2025-03-30 09:45:18,066 - INFO - Starting training epoch 30.
2025-03-30 09:46:15,352 - INFO - Starting validation epoch 30.
2025-03-30 09:46:24,064 - INFO - Validation epoch 30 finished.
2025-03-30 09:46:24,089 - INFO - Training epoch 30 finished.
2025-03-30 09:46:24,223 - INFO - Starting training epoch 31.
2025-03-30 09:47:22,594 - INFO - Starting validation epoch 31.
2025-03-30 09:47:31,501 - INFO - Validation epoch 31 finished.
2025-03-30 09:47:31,525 - INFO - Training epoch 31 finished.
2025-03-30 09:47:31,656 - INFO - Starting training epoch 32.
2025-03-30 09:48:29,105 - INFO - Starting validation epoch 32.
2025-03-30 09:48:37,820 - INFO - Validation epoch 32 finished.
2025-03-30 09:48:37,846 - INFO - Training epoch 32 finished.
2025-03-30 09:48:37,978 - INFO - Starting training epoch 33.
2025-03-30 09:49:36,632 - INFO - Starting validation epoch 33.
2025-03-30 09:49:45,378 - INFO - Validation epoch 33 finished.
2025-03-30 09:49:45,403 - INFO - Training epoch 33 finished.
2025-03-30 09:49:45,542 - INFO - Starting training epoch 34.
2025-03-30 09:50:42,648 - INFO - Starting validation epoch 34.
2025-03-30 09:50:51,511 - INFO - Validation epoch 34 finished.
2025-03-30 09:50:51,536 - INFO - Training epoch 34 finished.
2025-03-30 09:50:51,672 - INFO - Starting training epoch 35.
2025-03-30 09:51:49,358 - INFO - Starting validation epoch 35.
2025-03-30 09:51:58,971 - INFO - Validation epoch 35 finished.
2025-03-30 09:51:58,996 - INFO - Training epoch 35 finished.
2025-03-30 09:51:59,129 - INFO - Starting training epoch 36.
2025-03-30 09:52:57,427 - INFO - Starting validation epoch 36.
2025-03-30 09:53:06,183 - INFO - Validation epoch 36 finished.
2025-03-30 09:53:06,208 - INFO - Training epoch 36 finished.
2025-03-30 09:53:06,342 - INFO - Starting training epoch 37.
2025-03-30 09:54:03,741 - INFO - Starting validation epoch 37.
2025-03-30 09:54:12,385 - INFO - Validation epoch 37 finished.
2025-03-30 09:54:12,411 - INFO - Training epoch 37 finished.
2025-03-30 09:54:12,547 - INFO - Starting training epoch 38.
2025-03-30 09:55:10,222 - INFO - Starting validation epoch 38.
2025-03-30 09:55:19,137 - INFO - Validation epoch 38 finished.
2025-03-30 09:55:19,162 - INFO - Training epoch 38 finished.
2025-03-30 09:55:19,298 - INFO - Starting training epoch 39.
2025-03-30 09:56:16,736 - INFO - Starting validation epoch 39.
2025-03-30 09:56:25,472 - INFO - Validation epoch 39 finished.
2025-03-30 09:56:25,497 - INFO - Training epoch 39 finished.
2025-03-30 09:56:25,633 - INFO - Starting training epoch 40.
2025-03-30 09:57:24,716 - INFO - Starting validation epoch 40.
2025-03-30 09:57:33,485 - INFO - Validation epoch 40 finished.
2025-03-30 09:57:33,512 - INFO - Training epoch 40 finished.
2025-03-30 09:57:33,662 - INFO - Starting training epoch 41.
2025-03-30 09:58:30,908 - INFO - Starting validation epoch 41.
2025-03-30 09:58:40,005 - INFO - Validation epoch 41 finished.
2025-03-30 09:58:40,033 - INFO - Training epoch 41 finished.
2025-03-30 09:58:40,033 - INFO - Epoch 41: Learning Rate changed to: 0.0005
2025-03-30 09:58:40,173 - INFO - Starting training epoch 42.
2025-03-30 09:59:37,840 - INFO - Starting validation epoch 42.
2025-03-30 09:59:46,491 - INFO - Validation epoch 42 finished.
2025-03-30 09:59:46,517 - INFO - Training epoch 42 finished.
2025-03-30 09:59:46,650 - INFO - Starting training epoch 43.
2025-03-30 10:00:44,022 - INFO - Starting validation epoch 43.
2025-03-30 10:00:52,748 - INFO - Validation epoch 43 finished.
2025-03-30 10:00:52,774 - INFO - Training epoch 43 finished.
2025-03-30 10:00:52,910 - INFO - Starting training epoch 44.
2025-03-30 10:01:49,979 - INFO - Starting validation epoch 44.
2025-03-30 10:01:59,141 - INFO - Validation epoch 44 finished.
2025-03-30 10:01:59,166 - INFO - Training epoch 44 finished.
2025-03-30 10:01:59,796 - INFO - Starting training epoch 45.
2025-03-30 10:02:56,730 - INFO - Starting validation epoch 45.
2025-03-30 10:03:05,470 - INFO - Validation epoch 45 finished.
2025-03-30 10:03:05,496 - INFO - Training epoch 45 finished.
2025-03-30 10:03:05,647 - INFO - Starting training epoch 46.
2025-03-30 10:04:02,720 - INFO - Starting validation epoch 46.
2025-03-30 10:04:11,318 - INFO - Validation epoch 46 finished.
2025-03-30 10:04:11,343 - INFO - Training epoch 46 finished.
2025-03-30 10:04:11,595 - INFO - Starting training epoch 47.
2025-03-30 10:05:08,954 - INFO - Starting validation epoch 47.
2025-03-30 10:05:17,762 - INFO - Validation epoch 47 finished.
2025-03-30 10:05:17,785 - INFO - Training epoch 47 finished.
2025-03-30 10:05:17,785 - INFO - Epoch 47: Learning Rate changed to: 0.00025
2025-03-30 10:05:17,921 - INFO - Starting training epoch 48.
2025-03-30 10:06:14,889 - INFO - Starting validation epoch 48.
2025-03-30 10:06:23,480 - INFO - Validation epoch 48 finished.
2025-03-30 10:06:23,507 - INFO - Training epoch 48 finished.
2025-03-30 10:06:23,648 - INFO - Starting training epoch 49.
2025-03-30 10:07:22,648 - INFO - Starting validation epoch 49.
2025-03-30 10:07:31,662 - INFO - Validation epoch 49 finished.
2025-03-30 10:07:31,696 - INFO - Training epoch 49 finished.
2025-03-30 10:08:45,290 - INFO - Model training completed.
2025-03-30 10:08:45,290 - INFO - Saving TensorBoard graphs as images...
2025-03-30 10:08:58,159 - INFO - TensorBoard graphs saved to K:\FYP\NEWexperiments\CustomModelV9_None_all_bands_10%_BigEarthNet_50epochs\results\tensorboard_graphs.
2025-03-30 10:08:58,166 - INFO - Best Validation Metrics:
2025-03-30 10:08:58,166 - INFO -   val_acc: 0.9062042236328125 (Epoch 48)
2025-03-30 10:08:58,167 - INFO -   val_loss: 0.020183760672807693 (Epoch 41)
2025-03-30 10:08:58,167 - INFO -   val_f1: 0.5406521558761597 (Epoch 48)
2025-03-30 10:08:58,167 - INFO -   val_f2: 0.6009868383407593 (Epoch 48)
2025-03-30 10:08:58,167 - INFO -   val_precision: 0.47901928424835205 (Epoch 21)
2025-03-30 10:08:58,167 - INFO -   val_recall: 0.6652007102966309 (Epoch 48)
2025-03-30 10:08:58,167 - INFO -   val_one_error: 0.04546718671917915 (Epoch 47)
2025-03-30 10:08:58,167 - INFO -   val_hamming_loss: 0.004936618730425835 (Epoch 48)
2025-03-30 10:08:58,167 - INFO -   val_avg_precision: 0.8966153860092163 (Epoch 47)
2025-03-30 10:08:58,167 - INFO - Training Time: 3464.64 seconds
2025-03-30 10:08:58,167 - INFO - Model Size: 3.58 MB
2025-03-30 10:08:58,167 - INFO - Inference Rate: 4938.22 images/second
2025-03-30 10:08:58,167 - INFO - Training completed successfully
