2025-03-30 11:27:49,442 - INFO - Using 12 input channels based on 'all_bands'.
2025-03-30 11:27:52,249 - INFO - Training ResNet50 model with None weights and 'all_bands' bands on 10%_BigEarthNet.
2025-03-30 11:27:52,250 - INFO - Hyperparameters saved to K:\FYP\NEWexperiments\ResNet50_None_all_bands_10%_BigEarthNet_50epochs\hyperparameters.txt
2025-03-30 11:27:52,278 - INFO - Model architecture saved to K:\FYP\NEWexperiments\ResNet50_None_all_bands_10%_BigEarthNet_50epochs\ResNet50.txt
2025-03-30 11:27:52,279 - INFO - Training on device: cuda
2025-03-30 11:27:52,286 - INFO - No checkpoint provided, starting training from scratch.
2025-03-30 11:27:52,286 - INFO - Starting model training...
2025-03-30 11:28:58,514 - INFO - Starting validation epoch 0.
2025-03-30 11:29:01,398 - INFO - Validation epoch 0 finished.
2025-03-30 11:30:09,109 - INFO - Starting training epoch 0.
2025-03-30 11:30:55,011 - INFO - Starting validation epoch 0.
2025-03-30 11:31:03,384 - INFO - Validation epoch 0 finished.
2025-03-30 11:31:03,410 - INFO - Training epoch 0 finished.
2025-03-30 11:31:03,410 - INFO - Initial Learning Rate: 0.001
2025-03-30 11:31:04,824 - INFO - Starting training epoch 1.
2025-03-30 11:31:50,297 - INFO - Starting validation epoch 1.
2025-03-30 11:31:58,874 - INFO - Validation epoch 1 finished.
2025-03-30 11:31:58,897 - INFO - Training epoch 1 finished.
2025-03-30 11:32:00,331 - INFO - Starting training epoch 2.
2025-03-30 11:32:46,100 - INFO - Starting validation epoch 2.
2025-03-30 11:32:54,302 - INFO - Validation epoch 2 finished.
2025-03-30 11:32:54,325 - INFO - Training epoch 2 finished.
2025-03-30 11:32:55,780 - INFO - Starting training epoch 3.
2025-03-30 11:33:41,520 - INFO - Starting validation epoch 3.
2025-03-30 11:33:49,824 - INFO - Validation epoch 3 finished.
2025-03-30 11:33:49,848 - INFO - Training epoch 3 finished.
2025-03-30 11:33:51,261 - INFO - Starting training epoch 4.
2025-03-30 11:34:36,939 - INFO - Starting validation epoch 4.
2025-03-30 11:34:45,079 - INFO - Validation epoch 4 finished.
2025-03-30 11:34:45,103 - INFO - Training epoch 4 finished.
2025-03-30 11:34:46,542 - INFO - Starting training epoch 5.
2025-03-30 11:35:32,113 - INFO - Starting validation epoch 5.
2025-03-30 11:35:40,201 - INFO - Validation epoch 5 finished.
2025-03-30 11:35:40,225 - INFO - Training epoch 5 finished.
2025-03-30 11:35:41,635 - INFO - Starting training epoch 6.
2025-03-30 11:36:27,376 - INFO - Starting validation epoch 6.
2025-03-30 11:36:35,630 - INFO - Validation epoch 6 finished.
2025-03-30 11:36:35,654 - INFO - Training epoch 6 finished.
2025-03-30 11:36:37,100 - INFO - Starting training epoch 7.
2025-03-30 11:37:22,798 - INFO - Starting validation epoch 7.
2025-03-30 11:37:31,204 - INFO - Validation epoch 7 finished.
2025-03-30 11:37:31,227 - INFO - Training epoch 7 finished.
2025-03-30 11:37:32,650 - INFO - Starting training epoch 8.
2025-03-30 11:38:18,851 - INFO - Starting validation epoch 8.
2025-03-30 11:38:27,106 - INFO - Validation epoch 8 finished.
2025-03-30 11:38:27,130 - INFO - Training epoch 8 finished.
2025-03-30 11:38:28,538 - INFO - Starting training epoch 9.
2025-03-30 11:39:14,213 - INFO - Starting validation epoch 9.
2025-03-30 11:39:22,489 - INFO - Validation epoch 9 finished.
2025-03-30 11:39:22,514 - INFO - Training epoch 9 finished.
2025-03-30 11:39:23,950 - INFO - Starting training epoch 10.
2025-03-30 11:40:09,608 - INFO - Starting validation epoch 10.
2025-03-30 11:40:17,789 - INFO - Validation epoch 10 finished.
2025-03-30 11:40:17,812 - INFO - Training epoch 10 finished.
2025-03-30 11:40:19,242 - INFO - Starting training epoch 11.
2025-03-30 11:41:04,927 - INFO - Starting validation epoch 11.
2025-03-30 11:41:13,237 - INFO - Validation epoch 11 finished.
2025-03-30 11:41:13,261 - INFO - Training epoch 11 finished.
2025-03-30 11:41:14,666 - INFO - Starting training epoch 12.
2025-03-30 11:42:00,549 - INFO - Starting validation epoch 12.
2025-03-30 11:42:08,581 - INFO - Validation epoch 12 finished.
2025-03-30 11:42:08,605 - INFO - Training epoch 12 finished.
2025-03-30 11:42:08,605 - INFO - Epoch 12: Learning Rate changed to: 0.0005
2025-03-30 11:42:10,024 - INFO - Starting training epoch 13.
2025-03-30 11:42:55,839 - INFO - Starting validation epoch 13.
2025-03-30 11:43:04,204 - INFO - Validation epoch 13 finished.
2025-03-30 11:43:04,227 - INFO - Training epoch 13 finished.
2025-03-30 11:43:05,789 - INFO - Starting training epoch 14.
2025-03-30 11:43:51,143 - INFO - Starting validation epoch 14.
2025-03-30 11:43:59,443 - INFO - Validation epoch 14 finished.
2025-03-30 11:43:59,468 - INFO - Training epoch 14 finished.
2025-03-30 11:44:00,902 - INFO - Starting training epoch 15.
2025-03-30 11:44:46,715 - INFO - Starting validation epoch 15.
2025-03-30 11:44:54,915 - INFO - Validation epoch 15 finished.
2025-03-30 11:44:54,939 - INFO - Training epoch 15 finished.
2025-03-30 11:44:56,366 - INFO - Starting training epoch 16.
2025-03-30 11:45:42,164 - INFO - Starting validation epoch 16.
2025-03-30 11:45:50,299 - INFO - Validation epoch 16 finished.
2025-03-30 11:45:50,323 - INFO - Training epoch 16 finished.
2025-03-30 11:45:51,765 - INFO - Starting training epoch 17.
2025-03-30 11:46:38,336 - INFO - Starting validation epoch 17.
2025-03-30 11:46:46,626 - INFO - Validation epoch 17 finished.
2025-03-30 11:46:46,650 - INFO - Training epoch 17 finished.
2025-03-30 11:46:48,102 - INFO - Starting training epoch 18.
2025-03-30 11:47:35,415 - INFO - Starting validation epoch 18.
2025-03-30 11:47:43,931 - INFO - Validation epoch 18 finished.
2025-03-30 11:47:43,956 - INFO - Training epoch 18 finished.
2025-03-30 11:47:45,384 - INFO - Starting training epoch 19.
2025-03-30 11:48:32,383 - INFO - Starting validation epoch 19.
2025-03-30 11:48:40,821 - INFO - Validation epoch 19 finished.
2025-03-30 11:48:40,845 - INFO - Training epoch 19 finished.
2025-03-30 11:48:42,300 - INFO - Starting training epoch 20.
2025-03-30 11:49:28,557 - INFO - Starting validation epoch 20.
2025-03-30 11:49:36,988 - INFO - Validation epoch 20 finished.
2025-03-30 11:49:37,013 - INFO - Training epoch 20 finished.
2025-03-30 11:49:38,480 - INFO - Starting training epoch 21.
2025-03-30 11:50:24,366 - INFO - Starting validation epoch 21.
2025-03-30 11:50:32,571 - INFO - Validation epoch 21 finished.
2025-03-30 11:50:32,594 - INFO - Training epoch 21 finished.
2025-03-30 11:50:34,040 - INFO - Starting training epoch 22.
2025-03-30 11:51:20,163 - INFO - Starting validation epoch 22.
2025-03-30 11:51:28,856 - INFO - Validation epoch 22 finished.
2025-03-30 11:51:28,881 - INFO - Training epoch 22 finished.
2025-03-30 11:51:30,357 - INFO - Starting training epoch 23.
2025-03-30 11:52:17,388 - INFO - Starting validation epoch 23.
2025-03-30 11:52:25,921 - INFO - Validation epoch 23 finished.
2025-03-30 11:52:25,949 - INFO - Training epoch 23 finished.
2025-03-30 11:52:27,390 - INFO - Starting training epoch 24.
2025-03-30 11:53:14,147 - INFO - Starting validation epoch 24.
2025-03-30 11:53:22,666 - INFO - Validation epoch 24 finished.
2025-03-30 11:53:22,691 - INFO - Training epoch 24 finished.
2025-03-30 11:53:24,104 - INFO - Starting training epoch 25.
2025-03-30 11:54:10,629 - INFO - Starting validation epoch 25.
2025-03-30 11:54:19,064 - INFO - Validation epoch 25 finished.
2025-03-30 11:54:19,088 - INFO - Training epoch 25 finished.
2025-03-30 11:54:20,511 - INFO - Starting training epoch 26.
2025-03-30 11:55:07,296 - INFO - Starting validation epoch 26.
2025-03-30 11:55:15,828 - INFO - Validation epoch 26 finished.
2025-03-30 11:55:15,852 - INFO - Training epoch 26 finished.
2025-03-30 11:55:17,271 - INFO - Starting training epoch 27.
2025-03-30 11:56:04,817 - INFO - Starting validation epoch 27.
2025-03-30 11:56:13,333 - INFO - Validation epoch 27 finished.
2025-03-30 11:56:13,357 - INFO - Training epoch 27 finished.
2025-03-30 11:56:14,797 - INFO - Starting training epoch 28.
2025-03-30 11:57:01,599 - INFO - Starting validation epoch 28.
2025-03-30 11:57:10,031 - INFO - Validation epoch 28 finished.
2025-03-30 11:57:10,055 - INFO - Training epoch 28 finished.
2025-03-30 11:57:11,488 - INFO - Starting training epoch 29.
2025-03-30 11:57:58,555 - INFO - Starting validation epoch 29.
2025-03-30 11:58:07,032 - INFO - Validation epoch 29 finished.
2025-03-30 11:58:07,057 - INFO - Training epoch 29 finished.
2025-03-30 11:58:07,057 - INFO - Epoch 29: Learning Rate changed to: 0.00025
2025-03-30 11:58:08,478 - INFO - Starting training epoch 30.
2025-03-30 11:58:55,326 - INFO - Starting validation epoch 30.
2025-03-30 11:59:03,964 - INFO - Validation epoch 30 finished.
2025-03-30 11:59:03,988 - INFO - Training epoch 30 finished.
2025-03-30 11:59:05,418 - INFO - Starting training epoch 31.
2025-03-30 11:59:52,771 - INFO - Starting validation epoch 31.
2025-03-30 12:00:01,222 - INFO - Validation epoch 31 finished.
2025-03-30 12:00:01,248 - INFO - Training epoch 31 finished.
2025-03-30 12:00:02,674 - INFO - Starting training epoch 32.
2025-03-30 12:00:49,699 - INFO - Starting validation epoch 32.
2025-03-30 12:00:58,259 - INFO - Validation epoch 32 finished.
2025-03-30 12:00:58,284 - INFO - Training epoch 32 finished.
2025-03-30 12:00:59,725 - INFO - Starting training epoch 33.
2025-03-30 12:01:47,018 - INFO - Starting validation epoch 33.
2025-03-30 12:01:55,674 - INFO - Validation epoch 33 finished.
2025-03-30 12:01:55,698 - INFO - Training epoch 33 finished.
2025-03-30 12:03:09,977 - INFO - Model training completed.
2025-03-30 12:03:09,977 - INFO - Saving TensorBoard graphs as images...
2025-03-30 12:03:19,275 - INFO - TensorBoard graphs saved to K:\FYP\NEWexperiments\ResNet50_None_all_bands_10%_BigEarthNet_50epochs\results\tensorboard_graphs.
2025-03-30 12:03:19,283 - INFO - Best Validation Metrics:
2025-03-30 12:03:19,283 - INFO -   val_acc: 0.9032549858093262 (Epoch 32)
2025-03-30 12:03:19,283 - INFO -   val_loss: 0.0240816380828619 (Epoch 23)
2025-03-30 12:03:19,283 - INFO -   val_f1: 0.5128619074821472 (Epoch 32)
2025-03-30 12:03:19,283 - INFO -   val_f2: 0.5513258576393127 (Epoch 32)
2025-03-30 12:03:19,283 - INFO -   val_precision: 0.4769822359085083 (Epoch 32)
2025-03-30 12:03:19,283 - INFO -   val_recall: 0.596882164478302 (Epoch 31)
2025-03-30 12:03:19,283 - INFO -   val_one_error: 0.08537263423204422 (Epoch 32)
2025-03-30 12:03:19,283 - INFO -   val_hamming_loss: 0.005091838072985411 (Epoch 32)
2025-03-30 12:03:19,283 - INFO -   val_avg_precision: 0.8683968186378479 (Epoch 32)
2025-03-30 12:03:19,283 - INFO - Training Time: 2044.51 seconds
2025-03-30 12:03:19,284 - INFO - Model Size: 89.93 MB
2025-03-30 12:03:19,284 - INFO - Inference Rate: 7131.13 images/second
2025-03-30 12:03:19,284 - INFO - Training completed successfully
